<?xml version="1.0" encoding="utf-8"?>
<CoverageSession>
  <Summary numSequencePoints="2206" visitedSequencePoints="0" numBranchPoints="196" visitedBranchPoints="0" sequenceCoverage="0" branchCoverage="0" maxCyclomaticComplexity="180" minCyclomaticComplexity="57" visitedClasses="0" numClasses="155" visitedMethods="0" numMethods="301" />
  <Modules>
    <Module hash="704CFB84-0010-417A-A0B0-80394C014EFC">
      <ModulePath>EcoBrotes.Api.dll</ModulePath>
      <ModuleTime>2026-07-08T10:17:01</ModuleTime>
      <ModuleName>EcoBrotes.Api</ModuleName>
      <Files>
        <File uid="1" fullPath="D:\Proyectos\ADN-Ceiba\NetCore8.1.0.0\EcoBrotes\EcoBrotes.Api\Program.cs" />
        <File uid="2" fullPath="D:\Proyectos\ADN-Ceiba\NetCore8.1.0.0\EcoBrotes\EcoBrotes.Api\Validation\JornadaCommandValidator.cs" />
        <File uid="3" fullPath="D:\Proyectos\ADN-Ceiba\NetCore8.1.0.0\EcoBrotes\EcoBrotes.Api\Middleware\ExceptionHandler.cs" />
        <File uid="4" fullPath="D:\Proyectos\ADN-Ceiba\NetCore8.1.0.0\EcoBrotes\EcoBrotes.Api\Filters\ValidationDescriptor.cs" />
        <File uid="5" fullPath="D:\Proyectos\ADN-Ceiba\NetCore8.1.0.0\EcoBrotes\EcoBrotes.Api\Filters\ValidationFilter.cs" />
        <File uid="6" fullPath="D:\Proyectos\ADN-Ceiba\NetCore8.1.0.0\EcoBrotes\EcoBrotes.Api\ApiHandlers\CreateEspecieCommandValidator.cs" />
        <File uid="7" fullPath="D:\Proyectos\ADN-Ceiba\NetCore8.1.0.0\EcoBrotes\EcoBrotes.Api\ApiHandlers\CreateJornadaCommandValidator.cs" />
        <File uid="8" fullPath="D:\Proyectos\ADN-Ceiba\NetCore8.1.0.0\EcoBrotes\EcoBrotes.Api\ApiHandlers\CreateZonaCommandValidator.cs" />
        <File uid="9" fullPath="D:\Proyectos\ADN-Ceiba\NetCore8.1.0.0\EcoBrotes\EcoBrotes.Api\ApiHandlers\DeleteEspecieCommandValidator.cs" />
        <File uid="10" fullPath="D:\Proyectos\ADN-Ceiba\NetCore8.1.0.0\EcoBrotes\EcoBrotes.Api\ApiHandlers\DeleteZonaCommandValidator.cs" />
        <File uid="11" fullPath="D:\Proyectos\ADN-Ceiba\NetCore8.1.0.0\EcoBrotes\EcoBrotes.Api\ApiHandlers\DetalleEspecieCommandValidator.cs" />
        <File uid="12" fullPath="D:\Proyectos\ADN-Ceiba\NetCore8.1.0.0\EcoBrotes\EcoBrotes.Api\ApiHandlers\EspeciesApi.cs" />
        <File uid="13" fullPath="D:\Proyectos\ADN-Ceiba\NetCore8.1.0.0\EcoBrotes\EcoBrotes.Api\ApiHandlers\GetJornadasQueryValidator.cs" />
        <File uid="14" fullPath="D:\Proyectos\ADN-Ceiba\NetCore8.1.0.0\EcoBrotes\EcoBrotes.Api\ApiHandlers\JornadaApi.cs" />
        <File uid="15" fullPath="D:\Proyectos\ADN-Ceiba\NetCore8.1.0.0\EcoBrotes\EcoBrotes.Api\ApiHandlers\UpdateEspecieCommandValidator.cs" />
        <File uid="16" fullPath="D:\Proyectos\ADN-Ceiba\NetCore8.1.0.0\EcoBrotes\EcoBrotes.Api\ApiHandlers\UpdateJornadaCommandValidator.cs" />
        <File uid="17" fullPath="D:\Proyectos\ADN-Ceiba\NetCore8.1.0.0\EcoBrotes\EcoBrotes.Api\ApiHandlers\UpdateZonaCommandValidator.cs" />
        <File uid="18" fullPath="D:\Proyectos\ADN-Ceiba\NetCore8.1.0.0\EcoBrotes\EcoBrotes.Api\ApiHandlers\ZonasApi.cs" />
      </Files>
      <Classes>
        <Class>
          <Summary numSequencePoints="65" visitedSequencePoints="0" numBranchPoints="4" visitedBranchPoints="0" sequenceCoverage="0" branchCoverage="0" maxCyclomaticComplexity="4" minCyclomaticComplexity="4" visitedClasses="0" numClasses="1" visitedMethods="0" numMethods="1" />
          <FullName>Program</FullName>
          <Methods>
            <Method cyclomaticComplexity="4" nPathComplexity="4" sequenceCoverage="0" branchCoverage="0" isConstructor="False" isGetter="False" isSetter="False" isStatic="True">
              <Summary numSequencePoints="65" visitedSequencePoints="0" numBranchPoints="4" visitedBranchPoints="0" sequenceCoverage="0" branchCoverage="0" maxCyclomaticComplexity="4" minCyclomaticComplexity="4" visitedClasses="0" numClasses="0" visitedMethods="0" numMethods="1" />
              <MetadataToken />
              <Name>System.Void Program::&lt;Main&gt;$(System.String[])</Name>
              <FileRef uid="1" />
              <SequencePoints>
                <SequencePoint vc="0" uspid="16" ordinal="0" sl="16" sc="1" el="16" ec="2" bec="0" bev="0" fileid="1" />
                <SequencePoint vc="0" uspid="17" ordinal="1" sl="17" sc="1" el="17" ec="2" bec="0" bev="0" fileid="1" />
                <SequencePoint vc="0" uspid="19" ordinal="2" sl="19" sc="1" el="19" ec="2" bec="0" bev="0" fileid="1" />
                <SequencePoint vc="0" uspid="26" ordinal="3" sl="26" sc="1" el="26" ec="2" bec="0" bev="0" fileid="1" />
                <SequencePoint vc="0" uspid="27" ordinal="4" sl="27" sc="1" el="27" ec="2" bec="0" bev="0" fileid="1" />
                <SequencePoint vc="0" uspid="28" ordinal="5" sl="28" sc="1" el="28" ec="2" bec="0" bev="0" fileid="1" />
                <SequencePoint vc="0" uspid="29" ordinal="6" sl="29" sc="1" el="29" ec="2" bec="2" bev="0" fileid="1" />
                <SequencePoint vc="0" uspid="30" ordinal="7" sl="30" sc="1" el="30" ec="2" bec="0" bev="0" fileid="1" />
                <SequencePoint vc="0" uspid="31" ordinal="8" sl="31" sc="1" el="31" ec="2" bec="0" bev="0" fileid="1" />
                <SequencePoint vc="0" uspid="32" ordinal="9" sl="32" sc="1" el="32" ec="2" bec="0" bev="0" fileid="1" />
                <SequencePoint vc="0" uspid="33" ordinal="10" sl="33" sc="1" el="33" ec="2" bec="0" bev="0" fileid="1" />
                <SequencePoint vc="0" uspid="34" ordinal="11" sl="34" sc="1" el="34" ec="2" bec="0" bev="0" fileid="1" />
                <SequencePoint vc="0" uspid="35" ordinal="12" sl="35" sc="1" el="35" ec="2" bec="0" bev="0" fileid="1" />
                <SequencePoint vc="0" uspid="36" ordinal="13" sl="36" sc="1" el="36" ec="2" bec="0" bev="0" fileid="1" />
                <SequencePoint vc="0" uspid="37" ordinal="14" sl="37" sc="1" el="37" ec="2" bec="0" bev="0" fileid="1" />
                <SequencePoint vc="0" uspid="38" ordinal="15" sl="38" sc="1" el="38" ec="2" bec="0" bev="0" fileid="1" />
                <SequencePoint vc="0" uspid="40" ordinal="16" sl="40" sc="1" el="40" ec="2" bec="0" bev="0" fileid="1" />
                <SequencePoint vc="0" uspid="41" ordinal="17" sl="41" sc="1" el="41" ec="2" bec="0" bev="0" fileid="1" />
                <SequencePoint vc="0" uspid="42" ordinal="18" sl="42" sc="1" el="42" ec="2" bec="0" bev="0" fileid="1" />
                <SequencePoint vc="0" uspid="44" ordinal="19" sl="44" sc="1" el="44" ec="2" bec="0" bev="0" fileid="1" />
                <SequencePoint vc="0" uspid="46" ordinal="20" sl="46" sc="1" el="46" ec="2" bec="0" bev="0" fileid="1" />
                <SequencePoint vc="0" uspid="48" ordinal="21" sl="48" sc="1" el="48" ec="2" bec="0" bev="0" fileid="1" />
                <SequencePoint vc="0" uspid="49" ordinal="22" sl="49" sc="1" el="49" ec="2" bec="0" bev="0" fileid="1" />
                <SequencePoint vc="0" uspid="51" ordinal="23" sl="51" sc="1" el="51" ec="2" bec="0" bev="0" fileid="1" />
                <SequencePoint vc="0" uspid="52" ordinal="24" sl="52" sc="1" el="52" ec="2" bec="0" bev="0" fileid="1" />
                <SequencePoint vc="0" uspid="53" ordinal="25" sl="53" sc="1" el="53" ec="2" bec="0" bev="0" fileid="1" />
                <SequencePoint vc="0" uspid="54" ordinal="26" sl="54" sc="1" el="54" ec="2" bec="0" bev="0" fileid="1" />
                <SequencePoint vc="0" uspid="56" ordinal="27" sl="56" sc="1" el="56" ec="2" bec="0" bev="0" fileid="1" />
                <SequencePoint vc="0" uspid="57" ordinal="28" sl="57" sc="1" el="57" ec="2" bec="0" bev="0" fileid="1" />
                <SequencePoint vc="0" uspid="58" ordinal="29" sl="58" sc="1" el="58" ec="2" bec="0" bev="0" fileid="1" />
                <SequencePoint vc="0" uspid="59" ordinal="30" sl="59" sc="1" el="59" ec="2" bec="0" bev="0" fileid="1" />
                <SequencePoint vc="0" uspid="61" ordinal="31" sl="61" sc="1" el="61" ec="2" bec="0" bev="0" fileid="1" />
                <SequencePoint vc="0" uspid="63" ordinal="32" sl="63" sc="1" el="63" ec="2" bec="0" bev="0" fileid="1" />
                <SequencePoint vc="0" uspid="65" ordinal="33" sl="65" sc="1" el="65" ec="2" bec="2" bev="0" fileid="1" />
                <SequencePoint vc="0" uspid="66" ordinal="34" sl="66" sc="1" el="66" ec="2" bec="0" bev="0" fileid="1" />
                <SequencePoint vc="0" uspid="67" ordinal="35" sl="67" sc="1" el="67" ec="2" bec="0" bev="0" fileid="1" />
                <SequencePoint vc="0" uspid="68" ordinal="36" sl="68" sc="1" el="68" ec="2" bec="0" bev="0" fileid="1" />
                <SequencePoint vc="0" uspid="69" ordinal="37" sl="69" sc="1" el="69" ec="2" bec="0" bev="0" fileid="1" />
                <SequencePoint vc="0" uspid="71" ordinal="38" sl="71" sc="1" el="71" ec="2" bec="0" bev="0" fileid="1" />
                <SequencePoint vc="0" uspid="73" ordinal="39" sl="73" sc="1" el="73" ec="2" bec="0" bev="0" fileid="1" />
                <SequencePoint vc="0" uspid="75" ordinal="40" sl="75" sc="1" el="75" ec="2" bec="0" bev="0" fileid="1" />
                <SequencePoint vc="0" uspid="77" ordinal="41" sl="77" sc="1" el="77" ec="2" bec="0" bev="0" fileid="1" />
                <SequencePoint vc="0" uspid="78" ordinal="42" sl="78" sc="1" el="78" ec="2" bec="0" bev="0" fileid="1" />
                <SequencePoint vc="0" uspid="79" ordinal="43" sl="79" sc="1" el="79" ec="2" bec="0" bev="0" fileid="1" />
                <SequencePoint vc="0" uspid="80" ordinal="44" sl="80" sc="1" el="80" ec="2" bec="0" bev="0" fileid="1" />
                <SequencePoint vc="0" uspid="81" ordinal="45" sl="81" sc="1" el="81" ec="2" bec="0" bev="0" fileid="1" />
                <SequencePoint vc="0" uspid="82" ordinal="46" sl="82" sc="1" el="82" ec="2" bec="0" bev="0" fileid="1" />
                <SequencePoint vc="0" uspid="83" ordinal="47" sl="83" sc="1" el="83" ec="2" bec="0" bev="0" fileid="1" />
                <SequencePoint vc="0" uspid="84" ordinal="48" sl="84" sc="1" el="84" ec="2" bec="0" bev="0" fileid="1" />
                <SequencePoint vc="0" uspid="85" ordinal="49" sl="85" sc="1" el="85" ec="2" bec="0" bev="0" fileid="1" />
                <SequencePoint vc="0" uspid="87" ordinal="50" sl="87" sc="1" el="87" ec="2" bec="0" bev="0" fileid="1" />
                <SequencePoint vc="0" uspid="88" ordinal="51" sl="88" sc="1" el="88" ec="2" bec="0" bev="0" fileid="1" />
                <SequencePoint vc="0" uspid="89" ordinal="52" sl="89" sc="1" el="89" ec="2" bec="0" bev="0" fileid="1" />
                <SequencePoint vc="0" uspid="90" ordinal="53" sl="90" sc="1" el="90" ec="2" bec="0" bev="0" fileid="1" />
                <SequencePoint vc="0" uspid="92" ordinal="54" sl="92" sc="1" el="92" ec="2" bec="0" bev="0" fileid="1" />
                <SequencePoint vc="0" uspid="93" ordinal="55" sl="93" sc="1" el="93" ec="2" bec="0" bev="0" fileid="1" />
                <SequencePoint vc="0" uspid="94" ordinal="56" sl="94" sc="1" el="94" ec="2" bec="0" bev="0" fileid="1" />
                <SequencePoint vc="0" uspid="95" ordinal="57" sl="95" sc="1" el="95" ec="2" bec="0" bev="0" fileid="1" />
                <SequencePoint vc="0" uspid="97" ordinal="58" sl="97" sc="1" el="97" ec="2" bec="0" bev="0" fileid="1" />
                <SequencePoint vc="0" uspid="98" ordinal="59" sl="98" sc="1" el="98" ec="2" bec="0" bev="0" fileid="1" />
                <SequencePoint vc="0" uspid="99" ordinal="60" sl="99" sc="1" el="99" ec="2" bec="0" bev="0" fileid="1" />
                <SequencePoint vc="0" uspid="101" ordinal="61" sl="101" sc="1" el="101" ec="2" bec="0" bev="0" fileid="1" />
                <SequencePoint vc="0" uspid="102" ordinal="62" sl="102" sc="1" el="102" ec="2" bec="0" bev="0" fileid="1" />
                <SequencePoint vc="0" uspid="103" ordinal="63" sl="103" sc="1" el="103" ec="2" bec="0" bev="0" fileid="1" />
                <SequencePoint vc="0" uspid="105" ordinal="64" sl="105" sc="1" el="105" ec="2" bec="0" bev="0" fileid="1" />
              </SequencePoints>
              <BranchPoints>
                <BranchPoint vc="0" uspid="65" ordinal="0" path="0" offset="290" offsetend="292" sl="65" fileid="1" />
                <BranchPoint vc="0" uspid="65" ordinal="1" path="1" offset="290" offsetend="310" sl="65" fileid="1" />
                <BranchPoint vc="0" uspid="29" ordinal="0" path="0" offset="21" offsetend="23" sl="29" fileid="1" />
                <BranchPoint vc="0" uspid="29" ordinal="1" path="1" offset="21" offsetend="40" sl="29" fileid="1" />
              </BranchPoints>
              <MethodPoint vc="0" uspid="0" p8:type="SequencePoint" ordinal="0" offset="0" sc="0" sl="16" ec="1" el="105" bec="0" bev="0" fileid="1" xmlns:p8="xsi" />
            </Method>
          </Methods>
        </Class>
        <Class>
          <Summary numSequencePoints="17" visitedSequencePoints="0" numBranchPoints="0" visitedBranchPoints="0" sequenceCoverage="0" branchCoverage="100" maxCyclomaticComplexity="1" minCyclomaticComplexity="1" visitedClasses="0" numClasses="1" visitedMethods="0" numMethods="1" />
          <FullName>EcoBrotes.Api.Validation.JornadaCommandValidator`1</FullName>
          <Methods>
            <Method cyclomaticComplexity="1" nPathComplexity="1" sequenceCoverage="0" branchCoverage="100" isConstructor="True" isGetter="False" isSetter="False" isStatic="True">
              <Summary numSequencePoints="17" visitedSequencePoints="0" numBranchPoints="0" visitedBranchPoints="0" sequenceCoverage="0" branchCoverage="100" maxCyclomaticComplexity="1" minCyclomaticComplexity="1" visitedClasses="0" numClasses="0" visitedMethods="0" numMethods="1" />
              <MetadataToken />
              <Name>System.Void EcoBrotes.Api.Validation.JornadaCommandValidator`1::.ctor()</Name>
              <FileRef uid="2" />
              <SequencePoints>
                <SequencePoint vc="0" uspid="13" ordinal="0" sl="13" sc="1" el="13" ec="2" bec="0" bev="0" fileid="2" />
                <SequencePoint vc="0" uspid="14" ordinal="1" sl="14" sc="1" el="14" ec="2" bec="0" bev="0" fileid="2" />
                <SequencePoint vc="0" uspid="15" ordinal="2" sl="15" sc="1" el="15" ec="2" bec="0" bev="0" fileid="2" />
                <SequencePoint vc="0" uspid="16" ordinal="3" sl="16" sc="1" el="16" ec="2" bec="0" bev="0" fileid="2" />
                <SequencePoint vc="0" uspid="17" ordinal="4" sl="17" sc="1" el="17" ec="2" bec="0" bev="0" fileid="2" />
                <SequencePoint vc="0" uspid="19" ordinal="5" sl="19" sc="1" el="19" ec="2" bec="0" bev="0" fileid="2" />
                <SequencePoint vc="0" uspid="20" ordinal="6" sl="20" sc="1" el="20" ec="2" bec="0" bev="0" fileid="2" />
                <SequencePoint vc="0" uspid="22" ordinal="7" sl="22" sc="1" el="22" ec="2" bec="0" bev="0" fileid="2" />
                <SequencePoint vc="0" uspid="23" ordinal="8" sl="23" sc="1" el="23" ec="2" bec="0" bev="0" fileid="2" />
                <SequencePoint vc="0" uspid="25" ordinal="9" sl="25" sc="1" el="25" ec="2" bec="0" bev="0" fileid="2" />
                <SequencePoint vc="0" uspid="26" ordinal="10" sl="26" sc="1" el="26" ec="2" bec="0" bev="0" fileid="2" />
                <SequencePoint vc="0" uspid="28" ordinal="11" sl="28" sc="1" el="28" ec="2" bec="0" bev="0" fileid="2" />
                <SequencePoint vc="0" uspid="29" ordinal="12" sl="29" sc="1" el="29" ec="2" bec="0" bev="0" fileid="2" />
                <SequencePoint vc="0" uspid="30" ordinal="13" sl="30" sc="1" el="30" ec="2" bec="0" bev="0" fileid="2" />
                <SequencePoint vc="0" uspid="32" ordinal="14" sl="32" sc="1" el="32" ec="2" bec="0" bev="0" fileid="2" />
                <SequencePoint vc="0" uspid="33" ordinal="15" sl="33" sc="1" el="33" ec="2" bec="0" bev="0" fileid="2" />
                <SequencePoint vc="0" uspid="34" ordinal="16" sl="34" sc="1" el="34" ec="2" bec="0" bev="0" fileid="2" />
              </SequencePoints>
              <BranchPoints />
              <MethodPoint vc="0" uspid="0" p8:type="SequencePoint" ordinal="0" offset="0" sc="0" sl="13" ec="1" el="34" bec="0" bev="0" fileid="2" xmlns:p8="xsi" />
            </Method>
          </Methods>
        </Class>
        <Class>
          <Summary numSequencePoints="15" visitedSequencePoints="0" numBranchPoints="2" visitedBranchPoints="0" sequenceCoverage="0" branchCoverage="0" maxCyclomaticComplexity="2" minCyclomaticComplexity="1" visitedClasses="0" numClasses="1" visitedMethods="0" numMethods="3" />
          <FullName>EcoBrotes.Api.Middleware.AppExceptionHandlerMiddleware</FullName>
          <Methods>
            <Method cyclomaticComplexity="2" nPathComplexity="2" sequenceCoverage="0" branchCoverage="0" isConstructor="False" isGetter="False" isSetter="False" isStatic="True">
              <Summary numSequencePoints="5" visitedSequencePoints="0" numBranchPoints="2" visitedBranchPoints="0" sequenceCoverage="0" branchCoverage="0" maxCyclomaticComplexity="2" minCyclomaticComplexity="2" visitedClasses="0" numClasses="0" visitedMethods="0" numMethods="1" />
              <MetadataToken />
              <Name>System.Int32 EcoBrotes.Api.Middleware.AppExceptionHandlerMiddleware::GetStatusCodeForException(System.Exception)</Name>
              <FileRef uid="3" />
              <SequencePoints>
                <SequencePoint vc="0" uspid="45" ordinal="0" sl="45" sc="1" el="45" ec="2" bec="0" bev="0" fileid="3" />
                <SequencePoint vc="0" uspid="46" ordinal="1" sl="46" sc="1" el="46" ec="2" bec="2" bev="0" fileid="3" />
                <SequencePoint vc="0" uspid="47" ordinal="2" sl="47" sc="1" el="47" ec="2" bec="0" bev="0" fileid="3" />
                <SequencePoint vc="0" uspid="48" ordinal="3" sl="48" sc="1" el="48" ec="2" bec="0" bev="0" fileid="3" />
                <SequencePoint vc="0" uspid="49" ordinal="4" sl="49" sc="1" el="49" ec="2" bec="0" bev="0" fileid="3" />
              </SequencePoints>
              <BranchPoints>
                <BranchPoint vc="0" uspid="46" ordinal="0" path="0" offset="19" offsetend="21" sl="46" fileid="3" />
                <BranchPoint vc="0" uspid="46" ordinal="1" path="1" offset="19" offsetend="28" sl="46" fileid="3" />
              </BranchPoints>
              <MethodPoint vc="0" uspid="0" p8:type="SequencePoint" ordinal="0" offset="0" sc="0" sl="45" ec="1" el="49" bec="0" bev="0" fileid="3" xmlns:p8="xsi" />
            </Method>
            <Method cyclomaticComplexity="1" nPathComplexity="1" sequenceCoverage="0" branchCoverage="100" isConstructor="True" isGetter="False" isSetter="False" isStatic="True">
              <Summary numSequencePoints="5" visitedSequencePoints="0" numBranchPoints="0" visitedBranchPoints="0" sequenceCoverage="0" branchCoverage="100" maxCyclomaticComplexity="1" minCyclomaticComplexity="1" visitedClasses="0" numClasses="0" visitedMethods="0" numMethods="1" />
              <MetadataToken />
              <Name>System.Void EcoBrotes.Api.Middleware.AppExceptionHandlerMiddleware::.ctor(Microsoft.AspNetCore.Http.RequestDelegate,Microsoft.Extensions.Logging.ILogger`1&lt;EcoBrotes.Api.Middleware.AppExceptionHandlerMiddleware&gt;)</Name>
              <FileRef uid="3" />
              <SequencePoints>
                <SequencePoint vc="0" uspid="17" ordinal="0" sl="17" sc="1" el="17" ec="2" bec="0" bev="0" fileid="3" />
                <SequencePoint vc="0" uspid="18" ordinal="1" sl="18" sc="1" el="18" ec="2" bec="0" bev="0" fileid="3" />
                <SequencePoint vc="0" uspid="19" ordinal="2" sl="19" sc="1" el="19" ec="2" bec="0" bev="0" fileid="3" />
                <SequencePoint vc="0" uspid="20" ordinal="3" sl="20" sc="1" el="20" ec="2" bec="0" bev="0" fileid="3" />
                <SequencePoint vc="0" uspid="21" ordinal="4" sl="21" sc="1" el="21" ec="2" bec="0" bev="0" fileid="3" />
              </SequencePoints>
              <BranchPoints />
              <MethodPoint vc="0" uspid="0" p8:type="SequencePoint" ordinal="1" offset="1" sc="0" sl="17" ec="1" el="21" bec="0" bev="0" fileid="3" xmlns:p8="xsi" />
            </Method>
            <Method cyclomaticComplexity="1" nPathComplexity="1" sequenceCoverage="0" branchCoverage="100" isConstructor="True" isGetter="False" isSetter="False" isStatic="True">
              <Summary numSequencePoints="5" visitedSequencePoints="0" numBranchPoints="0" visitedBranchPoints="0" sequenceCoverage="0" branchCoverage="100" maxCyclomaticComplexity="1" minCyclomaticComplexity="1" visitedClasses="0" numClasses="0" visitedMethods="0" numMethods="1" />
              <MetadataToken />
              <Name>System.Void EcoBrotes.Api.Middleware.AppExceptionHandlerMiddleware::.cctor()</Name>
              <FileRef uid="3" />
              <SequencePoints>
                <SequencePoint vc="0" uspid="11" ordinal="0" sl="11" sc="1" el="11" ec="2" bec="0" bev="0" fileid="3" />
                <SequencePoint vc="0" uspid="12" ordinal="1" sl="12" sc="1" el="12" ec="2" bec="0" bev="0" fileid="3" />
                <SequencePoint vc="0" uspid="13" ordinal="2" sl="13" sc="1" el="13" ec="2" bec="0" bev="0" fileid="3" />
                <SequencePoint vc="0" uspid="14" ordinal="3" sl="14" sc="1" el="14" ec="2" bec="0" bev="0" fileid="3" />
                <SequencePoint vc="0" uspid="15" ordinal="4" sl="15" sc="1" el="15" ec="2" bec="0" bev="0" fileid="3" />
              </SequencePoints>
              <BranchPoints />
              <MethodPoint vc="0" uspid="0" p8:type="SequencePoint" ordinal="2" offset="2" sc="0" sl="11" ec="1" el="15" bec="0" bev="0" fileid="3" xmlns:p8="xsi" />
            </Method>
          </Methods>
        </Class>
        <Class>
          <Summary numSequencePoints="16" visitedSequencePoints="0" numBranchPoints="0" visitedBranchPoints="0" sequenceCoverage="0" branchCoverage="100" maxCyclomaticComplexity="1" minCyclomaticComplexity="1" visitedClasses="0" numClasses="1" visitedMethods="0" numMethods="1" />
          <FullName>EcoBrotes.Api.Middleware.AppExceptionHandlerMiddleware/&lt;InvokeAsync&gt;d__4</FullName>
          <Methods>
            <Method cyclomaticComplexity="1" nPathComplexity="1" sequenceCoverage="0" branchCoverage="100" isConstructor="False" isGetter="False" isSetter="False" isStatic="True">
              <Summary numSequencePoints="16" visitedSequencePoints="0" numBranchPoints="0" visitedBranchPoints="0" sequenceCoverage="0" branchCoverage="100" maxCyclomaticComplexity="1" minCyclomaticComplexity="1" visitedClasses="0" numClasses="0" visitedMethods="0" numMethods="1" />
              <MetadataToken />
              <Name>System.Void EcoBrotes.Api.Middleware.AppExceptionHandlerMiddleware/&lt;InvokeAsync&gt;d__4::MoveNext()</Name>
              <FileRef uid="3" />
              <SequencePoints>
                <SequencePoint vc="0" uspid="24" ordinal="0" sl="24" sc="1" el="24" ec="2" bec="0" bev="0" fileid="3" />
                <SequencePoint vc="0" uspid="26" ordinal="1" sl="26" sc="1" el="26" ec="2" bec="0" bev="0" fileid="3" />
                <SequencePoint vc="0" uspid="27" ordinal="2" sl="27" sc="1" el="27" ec="2" bec="0" bev="0" fileid="3" />
                <SequencePoint vc="0" uspid="28" ordinal="3" sl="28" sc="1" el="28" ec="2" bec="0" bev="0" fileid="3" />
                <SequencePoint vc="0" uspid="29" ordinal="4" sl="29" sc="1" el="29" ec="2" bec="0" bev="0" fileid="3" />
                <SequencePoint vc="0" uspid="30" ordinal="5" sl="30" sc="1" el="30" ec="2" bec="0" bev="0" fileid="3" />
                <SequencePoint vc="0" uspid="31" ordinal="6" sl="31" sc="1" el="31" ec="2" bec="0" bev="0" fileid="3" />
                <SequencePoint vc="0" uspid="33" ordinal="7" sl="33" sc="1" el="33" ec="2" bec="0" bev="0" fileid="3" />
                <SequencePoint vc="0" uspid="34" ordinal="8" sl="34" sc="1" el="34" ec="2" bec="0" bev="0" fileid="3" />
                <SequencePoint vc="0" uspid="35" ordinal="9" sl="35" sc="1" el="35" ec="2" bec="0" bev="0" fileid="3" />
                <SequencePoint vc="0" uspid="36" ordinal="10" sl="36" sc="1" el="36" ec="2" bec="0" bev="0" fileid="3" />
                <SequencePoint vc="0" uspid="38" ordinal="11" sl="38" sc="1" el="38" ec="2" bec="0" bev="0" fileid="3" />
                <SequencePoint vc="0" uspid="39" ordinal="12" sl="39" sc="1" el="39" ec="2" bec="0" bev="0" fileid="3" />
                <SequencePoint vc="0" uspid="40" ordinal="13" sl="40" sc="1" el="40" ec="2" bec="0" bev="0" fileid="3" />
                <SequencePoint vc="0" uspid="41" ordinal="14" sl="41" sc="1" el="41" ec="2" bec="0" bev="0" fileid="3" />
                <SequencePoint vc="0" uspid="42" ordinal="15" sl="42" sc="1" el="42" ec="2" bec="0" bev="0" fileid="3" />
              </SequencePoints>
              <BranchPoints />
              <MethodPoint vc="0" uspid="0" p8:type="SequencePoint" ordinal="0" offset="0" sc="0" sl="24" ec="1" el="42" bec="0" bev="0" fileid="3" xmlns:p8="xsi" />
            </Method>
          </Methods>
        </Class>
        <Class>
          <Summary numSequencePoints="3" visitedSequencePoints="0" numBranchPoints="0" visitedBranchPoints="0" sequenceCoverage="0" branchCoverage="100" maxCyclomaticComplexity="1" minCyclomaticComplexity="1" visitedClasses="0" numClasses="1" visitedMethods="0" numMethods="3" />
          <FullName>EcoBrotes.Api.Filters.ValidationDescriptor</FullName>
          <Methods>
            <Method cyclomaticComplexity="1" nPathComplexity="1" sequenceCoverage="0" branchCoverage="100" isConstructor="False" isGetter="True" isSetter="False" isStatic="True">
              <Summary numSequencePoints="1" visitedSequencePoints="0" numBranchPoints="0" visitedBranchPoints="0" sequenceCoverage="0" branchCoverage="100" maxCyclomaticComplexity="1" minCyclomaticComplexity="1" visitedClasses="0" numClasses="0" visitedMethods="0" numMethods="1" />
              <MetadataToken />
              <Name>System.Int32 EcoBrotes.Api.Filters.ValidationDescriptor::get_ArgumentIndex()</Name>
              <FileRef uid="4" />
              <SequencePoints>
                <SequencePoint vc="0" uspid="7" ordinal="0" sl="7" sc="1" el="7" ec="2" bec="0" bev="0" fileid="4" />
              </SequencePoints>
              <BranchPoints />
              <MethodPoint vc="0" uspid="0" p8:type="SequencePoint" ordinal="0" offset="0" sc="0" sl="7" ec="1" el="7" bec="0" bev="0" fileid="4" xmlns:p8="xsi" />
            </Method>
            <Method cyclomaticComplexity="1" nPathComplexity="1" sequenceCoverage="0" branchCoverage="100" isConstructor="False" isGetter="True" isSetter="False" isStatic="True">
              <Summary numSequencePoints="1" visitedSequencePoints="0" numBranchPoints="0" visitedBranchPoints="0" sequenceCoverage="0" branchCoverage="100" maxCyclomaticComplexity="1" minCyclomaticComplexity="1" visitedClasses="0" numClasses="0" visitedMethods="0" numMethods="1" />
              <MetadataToken />
              <Name>System.Type EcoBrotes.Api.Filters.ValidationDescriptor::get_ArgumentType()</Name>
              <FileRef uid="4" />
              <SequencePoints>
                <SequencePoint vc="0" uspid="8" ordinal="0" sl="8" sc="1" el="8" ec="2" bec="0" bev="0" fileid="4" />
              </SequencePoints>
              <BranchPoints />
              <MethodPoint vc="0" uspid="0" p8:type="SequencePoint" ordinal="1" offset="1" sc="0" sl="8" ec="1" el="8" bec="0" bev="0" fileid="4" xmlns:p8="xsi" />
            </Method>
            <Method cyclomaticComplexity="1" nPathComplexity="1" sequenceCoverage="0" branchCoverage="100" isConstructor="False" isGetter="True" isSetter="False" isStatic="True">
              <Summary numSequencePoints="1" visitedSequencePoints="0" numBranchPoints="0" visitedBranchPoints="0" sequenceCoverage="0" branchCoverage="100" maxCyclomaticComplexity="1" minCyclomaticComplexity="1" visitedClasses="0" numClasses="0" visitedMethods="0" numMethods="1" />
              <MetadataToken />
              <Name>FluentValidation.IValidator EcoBrotes.Api.Filters.ValidationDescriptor::get_Validator()</Name>
              <FileRef uid="4" />
              <SequencePoints>
                <SequencePoint vc="0" uspid="9" ordinal="0" sl="9" sc="1" el="9" ec="2" bec="0" bev="0" fileid="4" />
              </SequencePoints>
              <BranchPoints />
              <MethodPoint vc="0" uspid="0" p8:type="SequencePoint" ordinal="2" offset="2" sc="0" sl="9" ec="1" el="9" bec="0" bev="0" fileid="4" xmlns:p8="xsi" />
            </Method>
          </Methods>
        </Class>
        <Class>
          <Summary numSequencePoints="7" visitedSequencePoints="0" numBranchPoints="2" visitedBranchPoints="0" sequenceCoverage="0" branchCoverage="0" maxCyclomaticComplexity="2" minCyclomaticComplexity="2" visitedClasses="0" numClasses="1" visitedMethods="0" numMethods="1" />
          <FullName>EcoBrotes.Api.Filters.ValidationFilter</FullName>
          <Methods>
            <Method cyclomaticComplexity="2" nPathComplexity="2" sequenceCoverage="0" branchCoverage="0" isConstructor="True" isGetter="False" isSetter="False" isStatic="True">
              <Summary numSequencePoints="7" visitedSequencePoints="0" numBranchPoints="2" visitedBranchPoints="0" sequenceCoverage="0" branchCoverage="0" maxCyclomaticComplexity="2" minCyclomaticComplexity="2" visitedClasses="0" numClasses="0" visitedMethods="0" numMethods="1" />
              <MetadataToken />
              <Name>Microsoft.AspNetCore.Http.EndpointFilterDelegate EcoBrotes.Api.Filters.ValidationFilter::ValidationFilterFactory(Microsoft.AspNetCore.Http.EndpointFilterFactoryContext,Microsoft.AspNetCore.Http.EndpointFilterDelegate)</Name>
              <FileRef uid="5" />
              <SequencePoints>
                <SequencePoint vc="0" uspid="10" ordinal="0" sl="10" sc="1" el="10" ec="2" bec="0" bev="0" fileid="5" />
                <SequencePoint vc="0" uspid="11" ordinal="1" sl="11" sc="1" el="11" ec="2" bec="0" bev="0" fileid="5" />
                <SequencePoint vc="0" uspid="13" ordinal="2" sl="13" sc="1" el="13" ec="2" bec="2" bev="0" fileid="5" />
                <SequencePoint vc="0" uspid="14" ordinal="3" sl="14" sc="1" el="14" ec="2" bec="0" bev="0" fileid="5" />
                <SequencePoint vc="0" uspid="15" ordinal="4" sl="15" sc="1" el="15" ec="2" bec="0" bev="0" fileid="5" />
                <SequencePoint vc="0" uspid="18" ordinal="5" sl="18" sc="1" el="18" ec="2" bec="0" bev="0" fileid="5" />
                <SequencePoint vc="0" uspid="19" ordinal="6" sl="19" sc="1" el="19" ec="2" bec="0" bev="0" fileid="5" />
              </SequencePoints>
              <BranchPoints>
                <BranchPoint vc="0" uspid="13" ordinal="0" path="0" offset="50" offsetend="52" sl="13" fileid="5" />
                <BranchPoint vc="0" uspid="13" ordinal="1" path="1" offset="50" offsetend="68" sl="13" fileid="5" />
              </BranchPoints>
              <MethodPoint vc="0" uspid="0" p8:type="SequencePoint" ordinal="0" offset="0" sc="0" sl="10" ec="1" el="19" bec="0" bev="0" fileid="5" xmlns:p8="xsi" />
            </Method>
          </Methods>
        </Class>
        <Class>
          <Summary numSequencePoints="16" visitedSequencePoints="0" numBranchPoints="6" visitedBranchPoints="0" sequenceCoverage="0" branchCoverage="0" maxCyclomaticComplexity="6" minCyclomaticComplexity="6" visitedClasses="0" numClasses="1" visitedMethods="0" numMethods="1" />
          <FullName>EcoBrotes.Api.Filters.ValidationFilter/&lt;GetValidators&gt;d__2</FullName>
          <Methods>
            <Method cyclomaticComplexity="6" nPathComplexity="6" sequenceCoverage="0" branchCoverage="0" isConstructor="False" isGetter="False" isSetter="False" isStatic="True">
              <Summary numSequencePoints="16" visitedSequencePoints="0" numBranchPoints="6" visitedBranchPoints="0" sequenceCoverage="0" branchCoverage="0" maxCyclomaticComplexity="6" minCyclomaticComplexity="6" visitedClasses="0" numClasses="0" visitedMethods="0" numMethods="1" />
              <MetadataToken />
              <Name>System.Boolean EcoBrotes.Api.Filters.ValidationFilter/&lt;GetValidators&gt;d__2::MoveNext()</Name>
              <FileRef uid="5" />
              <SequencePoints>
                <SequencePoint vc="0" uspid="45" ordinal="0" sl="45" sc="1" el="45" ec="2" bec="0" bev="0" fileid="5" />
                <SequencePoint vc="0" uspid="46" ordinal="1" sl="46" sc="1" el="46" ec="2" bec="0" bev="0" fileid="5" />
                <SequencePoint vc="0" uspid="48" ordinal="2" sl="48" sc="1" el="48" ec="2" bec="2" bev="0" fileid="5" />
                <SequencePoint vc="0" uspid="49" ordinal="3" sl="49" sc="1" el="49" ec="2" bec="0" bev="0" fileid="5" />
                <SequencePoint vc="0" uspid="50" ordinal="4" sl="50" sc="1" el="50" ec="2" bec="0" bev="0" fileid="5" />
                <SequencePoint vc="0" uspid="52" ordinal="5" sl="52" sc="1" el="52" ec="2" bec="2" bev="0" fileid="5" />
                <SequencePoint vc="0" uspid="53" ordinal="6" sl="53" sc="1" el="53" ec="2" bec="0" bev="0" fileid="5" />
                <SequencePoint vc="0" uspid="54" ordinal="7" sl="54" sc="1" el="54" ec="2" bec="0" bev="0" fileid="5" />
                <SequencePoint vc="0" uspid="56" ordinal="8" sl="56" sc="1" el="56" ec="2" bec="0" bev="0" fileid="5" />
                <SequencePoint vc="0" uspid="58" ordinal="9" sl="58" sc="1" el="58" ec="2" bec="2" bev="0" fileid="5" />
                <SequencePoint vc="0" uspid="59" ordinal="10" sl="59" sc="1" el="59" ec="2" bec="0" bev="0" fileid="5" />
                <SequencePoint vc="0" uspid="60" ordinal="11" sl="60" sc="1" el="60" ec="2" bec="0" bev="0" fileid="5" />
                <SequencePoint vc="0" uspid="61" ordinal="12" sl="61" sc="1" el="61" ec="2" bec="0" bev="0" fileid="5" />
                <SequencePoint vc="0" uspid="62" ordinal="13" sl="62" sc="1" el="62" ec="2" bec="0" bev="0" fileid="5" />
                <SequencePoint vc="0" uspid="63" ordinal="14" sl="63" sc="1" el="63" ec="2" bec="0" bev="0" fileid="5" />
                <SequencePoint vc="0" uspid="64" ordinal="15" sl="64" sc="1" el="64" ec="2" bec="0" bev="0" fileid="5" />
              </SequencePoints>
              <BranchPoints>
                <BranchPoint vc="0" uspid="48" ordinal="5" path="1" offset="323" offsetend="64" sl="48" fileid="5" />
                <BranchPoint vc="0" uspid="52" ordinal="0" path="0" offset="103" offsetend="108" sl="52" fileid="5" />
                <BranchPoint vc="0" uspid="58" ordinal="2" path="0" offset="189" offsetend="191" sl="58" fileid="5" />
                <BranchPoint vc="0" uspid="58" ordinal="3" path="1" offset="189" offsetend="264" sl="58" fileid="5" />
                <BranchPoint vc="0" uspid="52" ordinal="1" path="1" offset="103" offsetend="279" sl="52" fileid="5" />
                <BranchPoint vc="0" uspid="48" ordinal="4" path="0" offset="323" offsetend="328" sl="48" fileid="5" />
              </BranchPoints>
              <MethodPoint vc="0" uspid="0" p8:type="SequencePoint" ordinal="0" offset="0" sc="0" sl="45" ec="1" el="64" bec="0" bev="0" fileid="5" xmlns:p8="xsi" />
            </Method>
          </Methods>
        </Class>
        <Class>
          <Summary numSequencePoints="17" visitedSequencePoints="0" numBranchPoints="6" visitedBranchPoints="0" sequenceCoverage="0" branchCoverage="0" maxCyclomaticComplexity="6" minCyclomaticComplexity="6" visitedClasses="0" numClasses="1" visitedMethods="0" numMethods="1" />
          <FullName>EcoBrotes.Api.Filters.ValidationFilter/&lt;ValidateAsync&gt;d__1</FullName>
          <Methods>
            <Method cyclomaticComplexity="6" nPathComplexity="6" sequenceCoverage="0" branchCoverage="0" isConstructor="False" isGetter="False" isSetter="False" isStatic="True">
              <Summary numSequencePoints="17" visitedSequencePoints="0" numBranchPoints="6" visitedBranchPoints="0" sequenceCoverage="0" branchCoverage="0" maxCyclomaticComplexity="6" minCyclomaticComplexity="6" visitedClasses="0" numClasses="0" visitedMethods="0" numMethods="1" />
              <MetadataToken />
              <Name>System.Void EcoBrotes.Api.Filters.ValidationFilter/&lt;ValidateAsync&gt;d__1::MoveNext()</Name>
              <FileRef uid="5" />
              <SequencePoints>
                <SequencePoint vc="0" uspid="22" ordinal="0" sl="22" sc="1" el="22" ec="2" bec="0" bev="0" fileid="5" />
                <SequencePoint vc="0" uspid="23" ordinal="1" sl="23" sc="1" el="23" ec="2" bec="2" bev="0" fileid="5" />
                <SequencePoint vc="0" uspid="24" ordinal="2" sl="24" sc="1" el="24" ec="2" bec="0" bev="0" fileid="5" />
                <SequencePoint vc="0" uspid="25" ordinal="3" sl="25" sc="1" el="25" ec="2" bec="0" bev="0" fileid="5" />
                <SequencePoint vc="0" uspid="27" ordinal="4" sl="27" sc="1" el="27" ec="2" bec="2" bev="0" fileid="5" />
                <SequencePoint vc="0" uspid="28" ordinal="5" sl="28" sc="1" el="28" ec="2" bec="0" bev="0" fileid="5" />
                <SequencePoint vc="0" uspid="29" ordinal="6" sl="29" sc="1" el="29" ec="2" bec="0" bev="0" fileid="5" />
                <SequencePoint vc="0" uspid="30" ordinal="7" sl="30" sc="1" el="30" ec="2" bec="0" bev="0" fileid="5" />
                <SequencePoint vc="0" uspid="31" ordinal="8" sl="31" sc="1" el="31" ec="2" bec="0" bev="0" fileid="5" />
                <SequencePoint vc="0" uspid="33" ordinal="9" sl="33" sc="1" el="33" ec="2" bec="2" bev="0" fileid="5" />
                <SequencePoint vc="0" uspid="34" ordinal="10" sl="34" sc="1" el="34" ec="2" bec="0" bev="0" fileid="5" />
                <SequencePoint vc="0" uspid="35" ordinal="11" sl="35" sc="1" el="35" ec="2" bec="0" bev="0" fileid="5" />
                <SequencePoint vc="0" uspid="36" ordinal="12" sl="36" sc="1" el="36" ec="2" bec="0" bev="0" fileid="5" />
                <SequencePoint vc="0" uspid="38" ordinal="13" sl="38" sc="1" el="38" ec="2" bec="0" bev="0" fileid="5" />
                <SequencePoint vc="0" uspid="39" ordinal="14" sl="39" sc="1" el="39" ec="2" bec="0" bev="0" fileid="5" />
                <SequencePoint vc="0" uspid="41" ordinal="15" sl="41" sc="1" el="41" ec="2" bec="0" bev="0" fileid="5" />
                <SequencePoint vc="0" uspid="42" ordinal="16" sl="42" sc="1" el="42" ec="2" bec="0" bev="0" fileid="5" />
              </SequencePoints>
              <BranchPoints>
                <BranchPoint vc="0" uspid="23" ordinal="5" path="1" offset="372" offsetend="60" sl="23" fileid="5" />
                <BranchPoint vc="0" uspid="27" ordinal="0" path="0" offset="122" offsetend="127" sl="27" fileid="5" />
                <BranchPoint vc="0" uspid="33" ordinal="2" path="0" offset="298" offsetend="300" sl="33" fileid="5" />
                <BranchPoint vc="0" uspid="33" ordinal="3" path="1" offset="298" offsetend="338" sl="33" fileid="5" />
                <BranchPoint vc="0" uspid="27" ordinal="1" path="1" offset="122" offsetend="346" sl="27" fileid="5" />
                <BranchPoint vc="0" uspid="23" ordinal="4" path="0" offset="372" offsetend="377" sl="23" fileid="5" />
              </BranchPoints>
              <MethodPoint vc="0" uspid="0" p8:type="SequencePoint" ordinal="0" offset="0" sc="0" sl="22" ec="1" el="42" bec="0" bev="0" fileid="5" xmlns:p8="xsi" />
            </Method>
          </Methods>
        </Class>
        <Class>
          <Summary numSequencePoints="10" visitedSequencePoints="0" numBranchPoints="0" visitedBranchPoints="0" sequenceCoverage="0" branchCoverage="100" maxCyclomaticComplexity="1" minCyclomaticComplexity="1" visitedClasses="0" numClasses="1" visitedMethods="0" numMethods="1" />
          <FullName>EcoBrotes.Api.ApiHandlers.CreateEspecieCommandValidator</FullName>
          <Methods>
            <Method cyclomaticComplexity="1" nPathComplexity="1" sequenceCoverage="0" branchCoverage="100" isConstructor="True" isGetter="False" isSetter="False" isStatic="True">
              <Summary numSequencePoints="10" visitedSequencePoints="0" numBranchPoints="0" visitedBranchPoints="0" sequenceCoverage="0" branchCoverage="100" maxCyclomaticComplexity="1" minCyclomaticComplexity="1" visitedClasses="0" numClasses="0" visitedMethods="0" numMethods="1" />
              <MetadataToken />
              <Name>System.Void EcoBrotes.Api.ApiHandlers.CreateEspecieCommandValidator::.ctor()</Name>
              <FileRef uid="6" />
              <SequencePoints>
                <SequencePoint vc="0" uspid="8" ordinal="0" sl="8" sc="1" el="8" ec="2" bec="0" bev="0" fileid="6" />
                <SequencePoint vc="0" uspid="9" ordinal="1" sl="9" sc="1" el="9" ec="2" bec="0" bev="0" fileid="6" />
                <SequencePoint vc="0" uspid="10" ordinal="2" sl="10" sc="1" el="10" ec="2" bec="0" bev="0" fileid="6" />
                <SequencePoint vc="0" uspid="11" ordinal="3" sl="11" sc="1" el="11" ec="2" bec="0" bev="0" fileid="6" />
                <SequencePoint vc="0" uspid="12" ordinal="4" sl="12" sc="1" el="12" ec="2" bec="0" bev="0" fileid="6" />
                <SequencePoint vc="0" uspid="14" ordinal="5" sl="14" sc="1" el="14" ec="2" bec="0" bev="0" fileid="6" />
                <SequencePoint vc="0" uspid="15" ordinal="6" sl="15" sc="1" el="15" ec="2" bec="0" bev="0" fileid="6" />
                <SequencePoint vc="0" uspid="17" ordinal="7" sl="17" sc="1" el="17" ec="2" bec="0" bev="0" fileid="6" />
                <SequencePoint vc="0" uspid="18" ordinal="8" sl="18" sc="1" el="18" ec="2" bec="0" bev="0" fileid="6" />
                <SequencePoint vc="0" uspid="19" ordinal="9" sl="19" sc="1" el="19" ec="2" bec="0" bev="0" fileid="6" />
              </SequencePoints>
              <BranchPoints />
              <MethodPoint vc="0" uspid="0" p8:type="SequencePoint" ordinal="0" offset="0" sc="0" sl="8" ec="1" el="19" bec="0" bev="0" fileid="6" xmlns:p8="xsi" />
            </Method>
          </Methods>
        </Class>
        <Class>
          <Summary numSequencePoints="5" visitedSequencePoints="0" numBranchPoints="0" visitedBranchPoints="0" sequenceCoverage="0" branchCoverage="100" maxCyclomaticComplexity="1" minCyclomaticComplexity="1" visitedClasses="0" numClasses="1" visitedMethods="0" numMethods="1" />
          <FullName>EcoBrotes.Api.ApiHandlers.CreateJornadaCommandValidator</FullName>
          <Methods>
            <Method cyclomaticComplexity="1" nPathComplexity="1" sequenceCoverage="0" branchCoverage="100" isConstructor="True" isGetter="False" isSetter="False" isStatic="True">
              <Summary numSequencePoints="5" visitedSequencePoints="0" numBranchPoints="0" visitedBranchPoints="0" sequenceCoverage="0" branchCoverage="100" maxCyclomaticComplexity="1" minCyclomaticComplexity="1" visitedClasses="0" numClasses="0" visitedMethods="0" numMethods="1" />
              <MetadataToken />
              <Name>System.Void EcoBrotes.Api.ApiHandlers.CreateJornadaCommandValidator::.ctor()</Name>
              <FileRef uid="7" />
              <SequencePoints>
                <SequencePoint vc="0" uspid="9" ordinal="0" sl="9" sc="1" el="9" ec="2" bec="0" bev="0" fileid="7" />
                <SequencePoint vc="0" uspid="10" ordinal="1" sl="10" sc="1" el="10" ec="2" bec="0" bev="0" fileid="7" />
                <SequencePoint vc="0" uspid="11" ordinal="2" sl="11" sc="1" el="11" ec="2" bec="0" bev="0" fileid="7" />
                <SequencePoint vc="0" uspid="12" ordinal="3" sl="12" sc="1" el="12" ec="2" bec="0" bev="0" fileid="7" />
                <SequencePoint vc="0" uspid="13" ordinal="4" sl="13" sc="1" el="13" ec="2" bec="0" bev="0" fileid="7" />
              </SequencePoints>
              <BranchPoints />
              <MethodPoint vc="0" uspid="0" p8:type="SequencePoint" ordinal="0" offset="0" sc="0" sl="9" ec="1" el="13" bec="0" bev="0" fileid="7" xmlns:p8="xsi" />
            </Method>
          </Methods>
        </Class>
        <Class>
          <Summary numSequencePoints="6" visitedSequencePoints="0" numBranchPoints="0" visitedBranchPoints="0" sequenceCoverage="0" branchCoverage="100" maxCyclomaticComplexity="1" minCyclomaticComplexity="1" visitedClasses="0" numClasses="1" visitedMethods="0" numMethods="1" />
          <FullName>EcoBrotes.Api.ApiHandlers.CreateZonaCommandValidator</FullName>
          <Methods>
            <Method cyclomaticComplexity="1" nPathComplexity="1" sequenceCoverage="0" branchCoverage="100" isConstructor="True" isGetter="False" isSetter="False" isStatic="True">
              <Summary numSequencePoints="6" visitedSequencePoints="0" numBranchPoints="0" visitedBranchPoints="0" sequenceCoverage="0" branchCoverage="100" maxCyclomaticComplexity="1" minCyclomaticComplexity="1" visitedClasses="0" numClasses="0" visitedMethods="0" numMethods="1" />
              <MetadataToken />
              <Name>System.Void EcoBrotes.Api.ApiHandlers.CreateZonaCommandValidator::.ctor()</Name>
              <FileRef uid="8" />
              <SequencePoints>
                <SequencePoint vc="0" uspid="8" ordinal="0" sl="8" sc="1" el="8" ec="2" bec="0" bev="0" fileid="8" />
                <SequencePoint vc="0" uspid="9" ordinal="1" sl="9" sc="1" el="9" ec="2" bec="0" bev="0" fileid="8" />
                <SequencePoint vc="0" uspid="10" ordinal="2" sl="10" sc="1" el="10" ec="2" bec="0" bev="0" fileid="8" />
                <SequencePoint vc="0" uspid="11" ordinal="3" sl="11" sc="1" el="11" ec="2" bec="0" bev="0" fileid="8" />
                <SequencePoint vc="0" uspid="12" ordinal="4" sl="12" sc="1" el="12" ec="2" bec="0" bev="0" fileid="8" />
                <SequencePoint vc="0" uspid="13" ordinal="5" sl="13" sc="1" el="13" ec="2" bec="0" bev="0" fileid="8" />
              </SequencePoints>
              <BranchPoints />
              <MethodPoint vc="0" uspid="0" p8:type="SequencePoint" ordinal="0" offset="0" sc="0" sl="8" ec="1" el="13" bec="0" bev="0" fileid="8" xmlns:p8="xsi" />
            </Method>
          </Methods>
        </Class>
        <Class>
          <Summary numSequencePoints="5" visitedSequencePoints="0" numBranchPoints="0" visitedBranchPoints="0" sequenceCoverage="0" branchCoverage="100" maxCyclomaticComplexity="1" minCyclomaticComplexity="1" visitedClasses="0" numClasses="1" visitedMethods="0" numMethods="1" />
          <FullName>EcoBrotes.Api.ApiHandlers.DeleteEspecieCommandValidator</FullName>
          <Methods>
            <Method cyclomaticComplexity="1" nPathComplexity="1" sequenceCoverage="0" branchCoverage="100" isConstructor="True" isGetter="False" isSetter="False" isStatic="True">
              <Summary numSequencePoints="5" visitedSequencePoints="0" numBranchPoints="0" visitedBranchPoints="0" sequenceCoverage="0" branchCoverage="100" maxCyclomaticComplexity="1" minCyclomaticComplexity="1" visitedClasses="0" numClasses="0" visitedMethods="0" numMethods="1" />
              <MetadataToken />
              <Name>System.Void EcoBrotes.Api.ApiHandlers.DeleteEspecieCommandValidator::.ctor()</Name>
              <FileRef uid="9" />
              <SequencePoints>
                <SequencePoint vc="0" uspid="8" ordinal="0" sl="8" sc="1" el="8" ec="2" bec="0" bev="0" fileid="9" />
                <SequencePoint vc="0" uspid="9" ordinal="1" sl="9" sc="1" el="9" ec="2" bec="0" bev="0" fileid="9" />
                <SequencePoint vc="0" uspid="10" ordinal="2" sl="10" sc="1" el="10" ec="2" bec="0" bev="0" fileid="9" />
                <SequencePoint vc="0" uspid="11" ordinal="3" sl="11" sc="1" el="11" ec="2" bec="0" bev="0" fileid="9" />
                <SequencePoint vc="0" uspid="12" ordinal="4" sl="12" sc="1" el="12" ec="2" bec="0" bev="0" fileid="9" />
              </SequencePoints>
              <BranchPoints />
              <MethodPoint vc="0" uspid="0" p8:type="SequencePoint" ordinal="0" offset="0" sc="0" sl="8" ec="1" el="12" bec="0" bev="0" fileid="9" xmlns:p8="xsi" />
            </Method>
          </Methods>
        </Class>
        <Class>
          <Summary numSequencePoints="5" visitedSequencePoints="0" numBranchPoints="0" visitedBranchPoints="0" sequenceCoverage="0" branchCoverage="100" maxCyclomaticComplexity="1" minCyclomaticComplexity="1" visitedClasses="0" numClasses="1" visitedMethods="0" numMethods="1" />
          <FullName>EcoBrotes.Api.ApiHandlers.DeleteZonaCommandValidator</FullName>
          <Methods>
            <Method cyclomaticComplexity="1" nPathComplexity="1" sequenceCoverage="0" branchCoverage="100" isConstructor="True" isGetter="False" isSetter="False" isStatic="True">
              <Summary numSequencePoints="5" visitedSequencePoints="0" numBranchPoints="0" visitedBranchPoints="0" sequenceCoverage="0" branchCoverage="100" maxCyclomaticComplexity="1" minCyclomaticComplexity="1" visitedClasses="0" numClasses="0" visitedMethods="0" numMethods="1" />
              <MetadataToken />
              <Name>System.Void EcoBrotes.Api.ApiHandlers.DeleteZonaCommandValidator::.ctor()</Name>
              <FileRef uid="10" />
              <SequencePoints>
                <SequencePoint vc="0" uspid="8" ordinal="0" sl="8" sc="1" el="8" ec="2" bec="0" bev="0" fileid="10" />
                <SequencePoint vc="0" uspid="9" ordinal="1" sl="9" sc="1" el="9" ec="2" bec="0" bev="0" fileid="10" />
                <SequencePoint vc="0" uspid="10" ordinal="2" sl="10" sc="1" el="10" ec="2" bec="0" bev="0" fileid="10" />
                <SequencePoint vc="0" uspid="11" ordinal="3" sl="11" sc="1" el="11" ec="2" bec="0" bev="0" fileid="10" />
                <SequencePoint vc="0" uspid="12" ordinal="4" sl="12" sc="1" el="12" ec="2" bec="0" bev="0" fileid="10" />
              </SequencePoints>
              <BranchPoints />
              <MethodPoint vc="0" uspid="0" p8:type="SequencePoint" ordinal="0" offset="0" sc="0" sl="8" ec="1" el="12" bec="0" bev="0" fileid="10" xmlns:p8="xsi" />
            </Method>
          </Methods>
        </Class>
        <Class>
          <Summary numSequencePoints="7" visitedSequencePoints="0" numBranchPoints="0" visitedBranchPoints="0" sequenceCoverage="0" branchCoverage="100" maxCyclomaticComplexity="1" minCyclomaticComplexity="1" visitedClasses="0" numClasses="1" visitedMethods="0" numMethods="1" />
          <FullName>EcoBrotes.Api.ApiHandlers.DetalleEspecieCommandValidator</FullName>
          <Methods>
            <Method cyclomaticComplexity="1" nPathComplexity="1" sequenceCoverage="0" branchCoverage="100" isConstructor="True" isGetter="False" isSetter="False" isStatic="True">
              <Summary numSequencePoints="7" visitedSequencePoints="0" numBranchPoints="0" visitedBranchPoints="0" sequenceCoverage="0" branchCoverage="100" maxCyclomaticComplexity="1" minCyclomaticComplexity="1" visitedClasses="0" numClasses="0" visitedMethods="0" numMethods="1" />
              <MetadataToken />
              <Name>System.Void EcoBrotes.Api.ApiHandlers.DetalleEspecieCommandValidator::.ctor()</Name>
              <FileRef uid="11" />
              <SequencePoints>
                <SequencePoint vc="0" uspid="8" ordinal="0" sl="8" sc="1" el="8" ec="2" bec="0" bev="0" fileid="11" />
                <SequencePoint vc="0" uspid="9" ordinal="1" sl="9" sc="1" el="9" ec="2" bec="0" bev="0" fileid="11" />
                <SequencePoint vc="0" uspid="10" ordinal="2" sl="10" sc="1" el="10" ec="2" bec="0" bev="0" fileid="11" />
                <SequencePoint vc="0" uspid="11" ordinal="3" sl="11" sc="1" el="11" ec="2" bec="0" bev="0" fileid="11" />
                <SequencePoint vc="0" uspid="13" ordinal="4" sl="13" sc="1" el="13" ec="2" bec="0" bev="0" fileid="11" />
                <SequencePoint vc="0" uspid="14" ordinal="5" sl="14" sc="1" el="14" ec="2" bec="0" bev="0" fileid="11" />
                <SequencePoint vc="0" uspid="15" ordinal="6" sl="15" sc="1" el="15" ec="2" bec="0" bev="0" fileid="11" />
              </SequencePoints>
              <BranchPoints />
              <MethodPoint vc="0" uspid="0" p8:type="SequencePoint" ordinal="0" offset="0" sc="0" sl="8" ec="1" el="15" bec="0" bev="0" fileid="11" xmlns:p8="xsi" />
            </Method>
          </Methods>
        </Class>
        <Class>
          <Summary numSequencePoints="56" visitedSequencePoints="0" numBranchPoints="0" visitedBranchPoints="0" sequenceCoverage="0" branchCoverage="100" maxCyclomaticComplexity="1" minCyclomaticComplexity="1" visitedClasses="0" numClasses="1" visitedMethods="0" numMethods="1" />
          <FullName>EcoBrotes.Api.ApiHandlers.EspeciesApi</FullName>
          <Methods>
            <Method cyclomaticComplexity="1" nPathComplexity="1" sequenceCoverage="0" branchCoverage="100" isConstructor="False" isGetter="False" isSetter="False" isStatic="True">
              <Summary numSequencePoints="56" visitedSequencePoints="0" numBranchPoints="0" visitedBranchPoints="0" sequenceCoverage="0" branchCoverage="100" maxCyclomaticComplexity="1" minCyclomaticComplexity="1" visitedClasses="0" numClasses="0" visitedMethods="0" numMethods="1" />
              <MetadataToken />
              <Name>Microsoft.AspNetCore.Routing.RouteGroupBuilder EcoBrotes.Api.ApiHandlers.EspeciesApi::MapEspecies(Microsoft.AspNetCore.Routing.IEndpointRouteBuilder)</Name>
              <FileRef uid="12" />
              <SequencePoints>
                <SequencePoint vc="0" uspid="13" ordinal="0" sl="13" sc="1" el="13" ec="2" bec="0" bev="0" fileid="12" />
                <SequencePoint vc="0" uspid="15" ordinal="1" sl="15" sc="1" el="15" ec="2" bec="0" bev="0" fileid="12" />
                <SequencePoint vc="0" uspid="16" ordinal="2" sl="16" sc="1" el="16" ec="2" bec="0" bev="0" fileid="12" />
                <SequencePoint vc="0" uspid="17" ordinal="3" sl="17" sc="1" el="17" ec="2" bec="0" bev="0" fileid="12" />
                <SequencePoint vc="0" uspid="18" ordinal="4" sl="18" sc="1" el="18" ec="2" bec="0" bev="0" fileid="12" />
                <SequencePoint vc="0" uspid="19" ordinal="5" sl="19" sc="1" el="19" ec="2" bec="0" bev="0" fileid="12" />
                <SequencePoint vc="0" uspid="20" ordinal="6" sl="20" sc="1" el="20" ec="2" bec="0" bev="0" fileid="12" />
                <SequencePoint vc="0" uspid="21" ordinal="7" sl="21" sc="1" el="21" ec="2" bec="0" bev="0" fileid="12" />
                <SequencePoint vc="0" uspid="22" ordinal="8" sl="22" sc="1" el="22" ec="2" bec="0" bev="0" fileid="12" />
                <SequencePoint vc="0" uspid="25" ordinal="9" sl="25" sc="1" el="25" ec="2" bec="0" bev="0" fileid="12" />
                <SequencePoint vc="0" uspid="26" ordinal="10" sl="26" sc="1" el="26" ec="2" bec="0" bev="0" fileid="12" />
                <SequencePoint vc="0" uspid="27" ordinal="11" sl="27" sc="1" el="27" ec="2" bec="0" bev="0" fileid="12" />
                <SequencePoint vc="0" uspid="28" ordinal="12" sl="28" sc="1" el="28" ec="2" bec="0" bev="0" fileid="12" />
                <SequencePoint vc="0" uspid="29" ordinal="13" sl="29" sc="1" el="29" ec="2" bec="0" bev="0" fileid="12" />
                <SequencePoint vc="0" uspid="30" ordinal="14" sl="30" sc="1" el="30" ec="2" bec="0" bev="0" fileid="12" />
                <SequencePoint vc="0" uspid="31" ordinal="15" sl="31" sc="1" el="31" ec="2" bec="0" bev="0" fileid="12" />
                <SequencePoint vc="0" uspid="32" ordinal="16" sl="32" sc="1" el="32" ec="2" bec="0" bev="0" fileid="12" />
                <SequencePoint vc="0" uspid="33" ordinal="17" sl="33" sc="1" el="33" ec="2" bec="0" bev="0" fileid="12" />
                <SequencePoint vc="0" uspid="36" ordinal="18" sl="36" sc="1" el="36" ec="2" bec="0" bev="0" fileid="12" />
                <SequencePoint vc="0" uspid="37" ordinal="19" sl="37" sc="1" el="37" ec="2" bec="0" bev="0" fileid="12" />
                <SequencePoint vc="0" uspid="38" ordinal="20" sl="38" sc="1" el="38" ec="2" bec="0" bev="0" fileid="12" />
                <SequencePoint vc="0" uspid="39" ordinal="21" sl="39" sc="1" el="39" ec="2" bec="0" bev="0" fileid="12" />
                <SequencePoint vc="0" uspid="40" ordinal="22" sl="40" sc="1" el="40" ec="2" bec="0" bev="0" fileid="12" />
                <SequencePoint vc="0" uspid="41" ordinal="23" sl="41" sc="1" el="41" ec="2" bec="0" bev="0" fileid="12" />
                <SequencePoint vc="0" uspid="42" ordinal="24" sl="42" sc="1" el="42" ec="2" bec="0" bev="0" fileid="12" />
                <SequencePoint vc="0" uspid="43" ordinal="25" sl="43" sc="1" el="43" ec="2" bec="0" bev="0" fileid="12" />
                <SequencePoint vc="0" uspid="44" ordinal="26" sl="44" sc="1" el="44" ec="2" bec="0" bev="0" fileid="12" />
                <SequencePoint vc="0" uspid="47" ordinal="27" sl="47" sc="1" el="47" ec="2" bec="0" bev="0" fileid="12" />
                <SequencePoint vc="0" uspid="48" ordinal="28" sl="48" sc="1" el="48" ec="2" bec="0" bev="0" fileid="12" />
                <SequencePoint vc="0" uspid="49" ordinal="29" sl="49" sc="1" el="49" ec="2" bec="0" bev="0" fileid="12" />
                <SequencePoint vc="0" uspid="50" ordinal="30" sl="50" sc="1" el="50" ec="2" bec="0" bev="0" fileid="12" />
                <SequencePoint vc="0" uspid="51" ordinal="31" sl="51" sc="1" el="51" ec="2" bec="0" bev="0" fileid="12" />
                <SequencePoint vc="0" uspid="52" ordinal="32" sl="52" sc="1" el="52" ec="2" bec="0" bev="0" fileid="12" />
                <SequencePoint vc="0" uspid="53" ordinal="33" sl="53" sc="1" el="53" ec="2" bec="0" bev="0" fileid="12" />
                <SequencePoint vc="0" uspid="54" ordinal="34" sl="54" sc="1" el="54" ec="2" bec="0" bev="0" fileid="12" />
                <SequencePoint vc="0" uspid="55" ordinal="35" sl="55" sc="1" el="55" ec="2" bec="0" bev="0" fileid="12" />
                <SequencePoint vc="0" uspid="56" ordinal="36" sl="56" sc="1" el="56" ec="2" bec="0" bev="0" fileid="12" />
                <SequencePoint vc="0" uspid="57" ordinal="37" sl="57" sc="1" el="57" ec="2" bec="0" bev="0" fileid="12" />
                <SequencePoint vc="0" uspid="58" ordinal="38" sl="58" sc="1" el="58" ec="2" bec="0" bev="0" fileid="12" />
                <SequencePoint vc="0" uspid="59" ordinal="39" sl="59" sc="1" el="59" ec="2" bec="0" bev="0" fileid="12" />
                <SequencePoint vc="0" uspid="60" ordinal="40" sl="60" sc="1" el="60" ec="2" bec="0" bev="0" fileid="12" />
                <SequencePoint vc="0" uspid="61" ordinal="41" sl="61" sc="1" el="61" ec="2" bec="0" bev="0" fileid="12" />
                <SequencePoint vc="0" uspid="62" ordinal="42" sl="62" sc="1" el="62" ec="2" bec="0" bev="0" fileid="12" />
                <SequencePoint vc="0" uspid="65" ordinal="43" sl="65" sc="1" el="65" ec="2" bec="0" bev="0" fileid="12" />
                <SequencePoint vc="0" uspid="66" ordinal="44" sl="66" sc="1" el="66" ec="2" bec="0" bev="0" fileid="12" />
                <SequencePoint vc="0" uspid="67" ordinal="45" sl="67" sc="1" el="67" ec="2" bec="0" bev="0" fileid="12" />
                <SequencePoint vc="0" uspid="68" ordinal="46" sl="68" sc="1" el="68" ec="2" bec="0" bev="0" fileid="12" />
                <SequencePoint vc="0" uspid="69" ordinal="47" sl="69" sc="1" el="69" ec="2" bec="0" bev="0" fileid="12" />
                <SequencePoint vc="0" uspid="70" ordinal="48" sl="70" sc="1" el="70" ec="2" bec="0" bev="0" fileid="12" />
                <SequencePoint vc="0" uspid="71" ordinal="49" sl="71" sc="1" el="71" ec="2" bec="0" bev="0" fileid="12" />
                <SequencePoint vc="0" uspid="72" ordinal="50" sl="72" sc="1" el="72" ec="2" bec="0" bev="0" fileid="12" />
                <SequencePoint vc="0" uspid="73" ordinal="51" sl="73" sc="1" el="73" ec="2" bec="0" bev="0" fileid="12" />
                <SequencePoint vc="0" uspid="74" ordinal="52" sl="74" sc="1" el="74" ec="2" bec="0" bev="0" fileid="12" />
                <SequencePoint vc="0" uspid="75" ordinal="53" sl="75" sc="1" el="75" ec="2" bec="0" bev="0" fileid="12" />
                <SequencePoint vc="0" uspid="77" ordinal="54" sl="77" sc="1" el="77" ec="2" bec="0" bev="0" fileid="12" />
                <SequencePoint vc="0" uspid="78" ordinal="55" sl="78" sc="1" el="78" ec="2" bec="0" bev="0" fileid="12" />
              </SequencePoints>
              <BranchPoints />
              <MethodPoint vc="0" uspid="0" p8:type="SequencePoint" ordinal="0" offset="0" sc="0" sl="13" ec="1" el="78" bec="0" bev="0" fileid="12" xmlns:p8="xsi" />
            </Method>
          </Methods>
        </Class>
        <Class>
          <Summary numSequencePoints="0" visitedSequencePoints="0" numBranchPoints="2" visitedBranchPoints="0" sequenceCoverage="100" branchCoverage="0" maxCyclomaticComplexity="2" minCyclomaticComplexity="2" visitedClasses="0" numClasses="1" visitedMethods="0" numMethods="0" />
          <FullName>EcoBrotes.Api.ApiHandlers.EspeciesApi/&lt;&gt;c/&lt;&lt;MapEspecies&gt;b__0_3&gt;d</FullName>
          <Methods />
        </Class>
        <Class>
          <Summary numSequencePoints="11" visitedSequencePoints="0" numBranchPoints="2" visitedBranchPoints="0" sequenceCoverage="0" branchCoverage="0" maxCyclomaticComplexity="2" minCyclomaticComplexity="2" visitedClasses="0" numClasses="1" visitedMethods="0" numMethods="1" />
          <FullName>EcoBrotes.Api.ApiHandlers.GetJornadasRequestValidator</FullName>
          <Methods>
            <Method cyclomaticComplexity="2" nPathComplexity="2" sequenceCoverage="0" branchCoverage="0" isConstructor="True" isGetter="False" isSetter="False" isStatic="True">
              <Summary numSequencePoints="11" visitedSequencePoints="0" numBranchPoints="2" visitedBranchPoints="0" sequenceCoverage="0" branchCoverage="0" maxCyclomaticComplexity="2" minCyclomaticComplexity="2" visitedClasses="0" numClasses="0" visitedMethods="0" numMethods="1" />
              <MetadataToken />
              <Name>System.Void EcoBrotes.Api.ApiHandlers.GetJornadasRequestValidator::.ctor()</Name>
              <FileRef uid="13" />
              <SequencePoints>
                <SequencePoint vc="0" uspid="8" ordinal="0" sl="8" sc="1" el="8" ec="2" bec="0" bev="0" fileid="13" />
                <SequencePoint vc="0" uspid="9" ordinal="1" sl="9" sc="1" el="9" ec="2" bec="0" bev="0" fileid="13" />
                <SequencePoint vc="0" uspid="10" ordinal="2" sl="10" sc="1" el="10" ec="2" bec="0" bev="0" fileid="13" />
                <SequencePoint vc="0" uspid="11" ordinal="3" sl="11" sc="1" el="11" ec="2" bec="0" bev="0" fileid="13" />
                <SequencePoint vc="0" uspid="13" ordinal="4" sl="13" sc="1" el="13" ec="2" bec="0" bev="0" fileid="13" />
                <SequencePoint vc="0" uspid="14" ordinal="5" sl="14" sc="1" el="14" ec="2" bec="0" bev="0" fileid="13" />
                <SequencePoint vc="0" uspid="16" ordinal="6" sl="16" sc="1" el="16" ec="2" bec="0" bev="0" fileid="13" />
                <SequencePoint vc="0" uspid="17" ordinal="7" sl="17" sc="1" el="17" ec="2" bec="0" bev="0" fileid="13" />
                <SequencePoint vc="0" uspid="18" ordinal="8" sl="18" sc="1" el="18" ec="2" bec="2" bev="0" fileid="13" />
                <SequencePoint vc="0" uspid="19" ordinal="9" sl="19" sc="1" el="19" ec="2" bec="0" bev="0" fileid="13" />
                <SequencePoint vc="0" uspid="20" ordinal="10" sl="20" sc="1" el="20" ec="2" bec="0" bev="0" fileid="13" />
              </SequencePoints>
              <BranchPoints>
                <BranchPoint vc="0" uspid="18" ordinal="0" path="0" offset="14" offsetend="16" sl="18" fileid="13" />
                <BranchPoint vc="0" uspid="18" ordinal="1" path="1" offset="14" offsetend="32" sl="18" fileid="13" />
              </BranchPoints>
              <MethodPoint vc="0" uspid="0" p8:type="SequencePoint" ordinal="0" offset="0" sc="0" sl="8" ec="1" el="20" bec="0" bev="0" fileid="13" xmlns:p8="xsi" />
            </Method>
          </Methods>
        </Class>
        <Class>
          <Summary numSequencePoints="128" visitedSequencePoints="0" numBranchPoints="0" visitedBranchPoints="0" sequenceCoverage="0" branchCoverage="100" maxCyclomaticComplexity="1" minCyclomaticComplexity="1" visitedClasses="0" numClasses="1" visitedMethods="0" numMethods="1" />
          <FullName>EcoBrotes.Api.ApiHandlers.JornadaApi</FullName>
          <Methods>
            <Method cyclomaticComplexity="1" nPathComplexity="1" sequenceCoverage="0" branchCoverage="100" isConstructor="False" isGetter="False" isSetter="False" isStatic="True">
              <Summary numSequencePoints="128" visitedSequencePoints="0" numBranchPoints="0" visitedBranchPoints="0" sequenceCoverage="0" branchCoverage="100" maxCyclomaticComplexity="1" minCyclomaticComplexity="1" visitedClasses="0" numClasses="0" visitedMethods="0" numMethods="1" />
              <MetadataToken />
              <Name>Microsoft.AspNetCore.Routing.RouteGroupBuilder EcoBrotes.Api.ApiHandlers.JornadaApi::MapJornada(Microsoft.AspNetCore.Routing.IEndpointRouteBuilder)</Name>
              <FileRef uid="14" />
              <SequencePoints>
                <SequencePoint vc="0" uspid="14" ordinal="0" sl="14" sc="1" el="14" ec="2" bec="0" bev="0" fileid="14" />
                <SequencePoint vc="0" uspid="16" ordinal="1" sl="16" sc="1" el="16" ec="2" bec="0" bev="0" fileid="14" />
                <SequencePoint vc="0" uspid="17" ordinal="2" sl="17" sc="1" el="17" ec="2" bec="0" bev="0" fileid="14" />
                <SequencePoint vc="0" uspid="18" ordinal="3" sl="18" sc="1" el="18" ec="2" bec="0" bev="0" fileid="14" />
                <SequencePoint vc="0" uspid="19" ordinal="4" sl="19" sc="1" el="19" ec="2" bec="0" bev="0" fileid="14" />
                <SequencePoint vc="0" uspid="20" ordinal="5" sl="20" sc="1" el="20" ec="2" bec="0" bev="0" fileid="14" />
                <SequencePoint vc="0" uspid="21" ordinal="6" sl="21" sc="1" el="21" ec="2" bec="0" bev="0" fileid="14" />
                <SequencePoint vc="0" uspid="22" ordinal="7" sl="22" sc="1" el="22" ec="2" bec="0" bev="0" fileid="14" />
                <SequencePoint vc="0" uspid="23" ordinal="8" sl="23" sc="1" el="23" ec="2" bec="0" bev="0" fileid="14" />
                <SequencePoint vc="0" uspid="26" ordinal="9" sl="26" sc="1" el="26" ec="2" bec="0" bev="0" fileid="14" />
                <SequencePoint vc="0" uspid="27" ordinal="10" sl="27" sc="1" el="27" ec="2" bec="0" bev="0" fileid="14" />
                <SequencePoint vc="0" uspid="28" ordinal="11" sl="28" sc="1" el="28" ec="2" bec="0" bev="0" fileid="14" />
                <SequencePoint vc="0" uspid="29" ordinal="12" sl="29" sc="1" el="29" ec="2" bec="0" bev="0" fileid="14" />
                <SequencePoint vc="0" uspid="30" ordinal="13" sl="30" sc="1" el="30" ec="2" bec="0" bev="0" fileid="14" />
                <SequencePoint vc="0" uspid="31" ordinal="14" sl="31" sc="1" el="31" ec="2" bec="0" bev="0" fileid="14" />
                <SequencePoint vc="0" uspid="32" ordinal="15" sl="32" sc="1" el="32" ec="2" bec="0" bev="0" fileid="14" />
                <SequencePoint vc="0" uspid="33" ordinal="16" sl="33" sc="1" el="33" ec="2" bec="0" bev="0" fileid="14" />
                <SequencePoint vc="0" uspid="34" ordinal="17" sl="34" sc="1" el="34" ec="2" bec="0" bev="0" fileid="14" />
                <SequencePoint vc="0" uspid="37" ordinal="18" sl="37" sc="1" el="37" ec="2" bec="0" bev="0" fileid="14" />
                <SequencePoint vc="0" uspid="38" ordinal="19" sl="38" sc="1" el="38" ec="2" bec="0" bev="0" fileid="14" />
                <SequencePoint vc="0" uspid="39" ordinal="20" sl="39" sc="1" el="39" ec="2" bec="0" bev="0" fileid="14" />
                <SequencePoint vc="0" uspid="40" ordinal="21" sl="40" sc="1" el="40" ec="2" bec="0" bev="0" fileid="14" />
                <SequencePoint vc="0" uspid="41" ordinal="22" sl="41" sc="1" el="41" ec="2" bec="0" bev="0" fileid="14" />
                <SequencePoint vc="0" uspid="42" ordinal="23" sl="42" sc="1" el="42" ec="2" bec="0" bev="0" fileid="14" />
                <SequencePoint vc="0" uspid="43" ordinal="24" sl="43" sc="1" el="43" ec="2" bec="0" bev="0" fileid="14" />
                <SequencePoint vc="0" uspid="44" ordinal="25" sl="44" sc="1" el="44" ec="2" bec="0" bev="0" fileid="14" />
                <SequencePoint vc="0" uspid="45" ordinal="26" sl="45" sc="1" el="45" ec="2" bec="0" bev="0" fileid="14" />
                <SequencePoint vc="0" uspid="46" ordinal="27" sl="46" sc="1" el="46" ec="2" bec="0" bev="0" fileid="14" />
                <SequencePoint vc="0" uspid="47" ordinal="28" sl="47" sc="1" el="47" ec="2" bec="0" bev="0" fileid="14" />
                <SequencePoint vc="0" uspid="48" ordinal="29" sl="48" sc="1" el="48" ec="2" bec="0" bev="0" fileid="14" />
                <SequencePoint vc="0" uspid="49" ordinal="30" sl="49" sc="1" el="49" ec="2" bec="0" bev="0" fileid="14" />
                <SequencePoint vc="0" uspid="50" ordinal="31" sl="50" sc="1" el="50" ec="2" bec="0" bev="0" fileid="14" />
                <SequencePoint vc="0" uspid="51" ordinal="32" sl="51" sc="1" el="51" ec="2" bec="0" bev="0" fileid="14" />
                <SequencePoint vc="0" uspid="52" ordinal="33" sl="52" sc="1" el="52" ec="2" bec="0" bev="0" fileid="14" />
                <SequencePoint vc="0" uspid="53" ordinal="34" sl="53" sc="1" el="53" ec="2" bec="0" bev="0" fileid="14" />
                <SequencePoint vc="0" uspid="54" ordinal="35" sl="54" sc="1" el="54" ec="2" bec="0" bev="0" fileid="14" />
                <SequencePoint vc="0" uspid="55" ordinal="36" sl="55" sc="1" el="55" ec="2" bec="0" bev="0" fileid="14" />
                <SequencePoint vc="0" uspid="56" ordinal="37" sl="56" sc="1" el="56" ec="2" bec="0" bev="0" fileid="14" />
                <SequencePoint vc="0" uspid="57" ordinal="38" sl="57" sc="1" el="57" ec="2" bec="0" bev="0" fileid="14" />
                <SequencePoint vc="0" uspid="58" ordinal="39" sl="58" sc="1" el="58" ec="2" bec="0" bev="0" fileid="14" />
                <SequencePoint vc="0" uspid="59" ordinal="40" sl="59" sc="1" el="59" ec="2" bec="0" bev="0" fileid="14" />
                <SequencePoint vc="0" uspid="60" ordinal="41" sl="60" sc="1" el="60" ec="2" bec="0" bev="0" fileid="14" />
                <SequencePoint vc="0" uspid="61" ordinal="42" sl="61" sc="1" el="61" ec="2" bec="0" bev="0" fileid="14" />
                <SequencePoint vc="0" uspid="62" ordinal="43" sl="62" sc="1" el="62" ec="2" bec="0" bev="0" fileid="14" />
                <SequencePoint vc="0" uspid="63" ordinal="44" sl="63" sc="1" el="63" ec="2" bec="0" bev="0" fileid="14" />
                <SequencePoint vc="0" uspid="64" ordinal="45" sl="64" sc="1" el="64" ec="2" bec="0" bev="0" fileid="14" />
                <SequencePoint vc="0" uspid="65" ordinal="46" sl="65" sc="1" el="65" ec="2" bec="0" bev="0" fileid="14" />
                <SequencePoint vc="0" uspid="66" ordinal="47" sl="66" sc="1" el="66" ec="2" bec="0" bev="0" fileid="14" />
                <SequencePoint vc="0" uspid="67" ordinal="48" sl="67" sc="1" el="67" ec="2" bec="0" bev="0" fileid="14" />
                <SequencePoint vc="0" uspid="68" ordinal="49" sl="68" sc="1" el="68" ec="2" bec="0" bev="0" fileid="14" />
                <SequencePoint vc="0" uspid="69" ordinal="50" sl="69" sc="1" el="69" ec="2" bec="0" bev="0" fileid="14" />
                <SequencePoint vc="0" uspid="70" ordinal="51" sl="70" sc="1" el="70" ec="2" bec="0" bev="0" fileid="14" />
                <SequencePoint vc="0" uspid="71" ordinal="52" sl="71" sc="1" el="71" ec="2" bec="0" bev="0" fileid="14" />
                <SequencePoint vc="0" uspid="72" ordinal="53" sl="72" sc="1" el="72" ec="2" bec="0" bev="0" fileid="14" />
                <SequencePoint vc="0" uspid="73" ordinal="54" sl="73" sc="1" el="73" ec="2" bec="0" bev="0" fileid="14" />
                <SequencePoint vc="0" uspid="74" ordinal="55" sl="74" sc="1" el="74" ec="2" bec="0" bev="0" fileid="14" />
                <SequencePoint vc="0" uspid="75" ordinal="56" sl="75" sc="1" el="75" ec="2" bec="0" bev="0" fileid="14" />
                <SequencePoint vc="0" uspid="76" ordinal="57" sl="76" sc="1" el="76" ec="2" bec="0" bev="0" fileid="14" />
                <SequencePoint vc="0" uspid="77" ordinal="58" sl="77" sc="1" el="77" ec="2" bec="0" bev="0" fileid="14" />
                <SequencePoint vc="0" uspid="78" ordinal="59" sl="78" sc="1" el="78" ec="2" bec="0" bev="0" fileid="14" />
                <SequencePoint vc="0" uspid="79" ordinal="60" sl="79" sc="1" el="79" ec="2" bec="0" bev="0" fileid="14" />
                <SequencePoint vc="0" uspid="80" ordinal="61" sl="80" sc="1" el="80" ec="2" bec="0" bev="0" fileid="14" />
                <SequencePoint vc="0" uspid="81" ordinal="62" sl="81" sc="1" el="81" ec="2" bec="0" bev="0" fileid="14" />
                <SequencePoint vc="0" uspid="82" ordinal="63" sl="82" sc="1" el="82" ec="2" bec="0" bev="0" fileid="14" />
                <SequencePoint vc="0" uspid="83" ordinal="64" sl="83" sc="1" el="83" ec="2" bec="0" bev="0" fileid="14" />
                <SequencePoint vc="0" uspid="84" ordinal="65" sl="84" sc="1" el="84" ec="2" bec="0" bev="0" fileid="14" />
                <SequencePoint vc="0" uspid="85" ordinal="66" sl="85" sc="1" el="85" ec="2" bec="0" bev="0" fileid="14" />
                <SequencePoint vc="0" uspid="86" ordinal="67" sl="86" sc="1" el="86" ec="2" bec="0" bev="0" fileid="14" />
                <SequencePoint vc="0" uspid="87" ordinal="68" sl="87" sc="1" el="87" ec="2" bec="0" bev="0" fileid="14" />
                <SequencePoint vc="0" uspid="88" ordinal="69" sl="88" sc="1" el="88" ec="2" bec="0" bev="0" fileid="14" />
                <SequencePoint vc="0" uspid="89" ordinal="70" sl="89" sc="1" el="89" ec="2" bec="0" bev="0" fileid="14" />
                <SequencePoint vc="0" uspid="90" ordinal="71" sl="90" sc="1" el="90" ec="2" bec="0" bev="0" fileid="14" />
                <SequencePoint vc="0" uspid="91" ordinal="72" sl="91" sc="1" el="91" ec="2" bec="0" bev="0" fileid="14" />
                <SequencePoint vc="0" uspid="92" ordinal="73" sl="92" sc="1" el="92" ec="2" bec="0" bev="0" fileid="14" />
                <SequencePoint vc="0" uspid="93" ordinal="74" sl="93" sc="1" el="93" ec="2" bec="0" bev="0" fileid="14" />
                <SequencePoint vc="0" uspid="94" ordinal="75" sl="94" sc="1" el="94" ec="2" bec="0" bev="0" fileid="14" />
                <SequencePoint vc="0" uspid="95" ordinal="76" sl="95" sc="1" el="95" ec="2" bec="0" bev="0" fileid="14" />
                <SequencePoint vc="0" uspid="96" ordinal="77" sl="96" sc="1" el="96" ec="2" bec="0" bev="0" fileid="14" />
                <SequencePoint vc="0" uspid="97" ordinal="78" sl="97" sc="1" el="97" ec="2" bec="0" bev="0" fileid="14" />
                <SequencePoint vc="0" uspid="98" ordinal="79" sl="98" sc="1" el="98" ec="2" bec="0" bev="0" fileid="14" />
                <SequencePoint vc="0" uspid="99" ordinal="80" sl="99" sc="1" el="99" ec="2" bec="0" bev="0" fileid="14" />
                <SequencePoint vc="0" uspid="100" ordinal="81" sl="100" sc="1" el="100" ec="2" bec="0" bev="0" fileid="14" />
                <SequencePoint vc="0" uspid="101" ordinal="82" sl="101" sc="1" el="101" ec="2" bec="0" bev="0" fileid="14" />
                <SequencePoint vc="0" uspid="102" ordinal="83" sl="102" sc="1" el="102" ec="2" bec="0" bev="0" fileid="14" />
                <SequencePoint vc="0" uspid="103" ordinal="84" sl="103" sc="1" el="103" ec="2" bec="0" bev="0" fileid="14" />
                <SequencePoint vc="0" uspid="104" ordinal="85" sl="104" sc="1" el="104" ec="2" bec="0" bev="0" fileid="14" />
                <SequencePoint vc="0" uspid="105" ordinal="86" sl="105" sc="1" el="105" ec="2" bec="0" bev="0" fileid="14" />
                <SequencePoint vc="0" uspid="106" ordinal="87" sl="106" sc="1" el="106" ec="2" bec="0" bev="0" fileid="14" />
                <SequencePoint vc="0" uspid="107" ordinal="88" sl="107" sc="1" el="107" ec="2" bec="0" bev="0" fileid="14" />
                <SequencePoint vc="0" uspid="108" ordinal="89" sl="108" sc="1" el="108" ec="2" bec="0" bev="0" fileid="14" />
                <SequencePoint vc="0" uspid="109" ordinal="90" sl="109" sc="1" el="109" ec="2" bec="0" bev="0" fileid="14" />
                <SequencePoint vc="0" uspid="110" ordinal="91" sl="110" sc="1" el="110" ec="2" bec="0" bev="0" fileid="14" />
                <SequencePoint vc="0" uspid="111" ordinal="92" sl="111" sc="1" el="111" ec="2" bec="0" bev="0" fileid="14" />
                <SequencePoint vc="0" uspid="112" ordinal="93" sl="112" sc="1" el="112" ec="2" bec="0" bev="0" fileid="14" />
                <SequencePoint vc="0" uspid="113" ordinal="94" sl="113" sc="1" el="113" ec="2" bec="0" bev="0" fileid="14" />
                <SequencePoint vc="0" uspid="114" ordinal="95" sl="114" sc="1" el="114" ec="2" bec="0" bev="0" fileid="14" />
                <SequencePoint vc="0" uspid="115" ordinal="96" sl="115" sc="1" el="115" ec="2" bec="0" bev="0" fileid="14" />
                <SequencePoint vc="0" uspid="116" ordinal="97" sl="116" sc="1" el="116" ec="2" bec="0" bev="0" fileid="14" />
                <SequencePoint vc="0" uspid="117" ordinal="98" sl="117" sc="1" el="117" ec="2" bec="0" bev="0" fileid="14" />
                <SequencePoint vc="0" uspid="120" ordinal="99" sl="120" sc="1" el="120" ec="2" bec="0" bev="0" fileid="14" />
                <SequencePoint vc="0" uspid="121" ordinal="100" sl="121" sc="1" el="121" ec="2" bec="0" bev="0" fileid="14" />
                <SequencePoint vc="0" uspid="122" ordinal="101" sl="122" sc="1" el="122" ec="2" bec="0" bev="0" fileid="14" />
                <SequencePoint vc="0" uspid="123" ordinal="102" sl="123" sc="1" el="123" ec="2" bec="0" bev="0" fileid="14" />
                <SequencePoint vc="0" uspid="124" ordinal="103" sl="124" sc="1" el="124" ec="2" bec="0" bev="0" fileid="14" />
                <SequencePoint vc="0" uspid="125" ordinal="104" sl="125" sc="1" el="125" ec="2" bec="0" bev="0" fileid="14" />
                <SequencePoint vc="0" uspid="126" ordinal="105" sl="126" sc="1" el="126" ec="2" bec="0" bev="0" fileid="14" />
                <SequencePoint vc="0" uspid="127" ordinal="106" sl="127" sc="1" el="127" ec="2" bec="0" bev="0" fileid="14" />
                <SequencePoint vc="0" uspid="128" ordinal="107" sl="128" sc="1" el="128" ec="2" bec="0" bev="0" fileid="14" />
                <SequencePoint vc="0" uspid="129" ordinal="108" sl="129" sc="1" el="129" ec="2" bec="0" bev="0" fileid="14" />
                <SequencePoint vc="0" uspid="130" ordinal="109" sl="130" sc="1" el="130" ec="2" bec="0" bev="0" fileid="14" />
                <SequencePoint vc="0" uspid="131" ordinal="110" sl="131" sc="1" el="131" ec="2" bec="0" bev="0" fileid="14" />
                <SequencePoint vc="0" uspid="132" ordinal="111" sl="132" sc="1" el="132" ec="2" bec="0" bev="0" fileid="14" />
                <SequencePoint vc="0" uspid="133" ordinal="112" sl="133" sc="1" el="133" ec="2" bec="0" bev="0" fileid="14" />
                <SequencePoint vc="0" uspid="134" ordinal="113" sl="134" sc="1" el="134" ec="2" bec="0" bev="0" fileid="14" />
                <SequencePoint vc="0" uspid="135" ordinal="114" sl="135" sc="1" el="135" ec="2" bec="0" bev="0" fileid="14" />
                <SequencePoint vc="0" uspid="138" ordinal="115" sl="138" sc="1" el="138" ec="2" bec="0" bev="0" fileid="14" />
                <SequencePoint vc="0" uspid="139" ordinal="116" sl="139" sc="1" el="139" ec="2" bec="0" bev="0" fileid="14" />
                <SequencePoint vc="0" uspid="140" ordinal="117" sl="140" sc="1" el="140" ec="2" bec="0" bev="0" fileid="14" />
                <SequencePoint vc="0" uspid="141" ordinal="118" sl="141" sc="1" el="141" ec="2" bec="0" bev="0" fileid="14" />
                <SequencePoint vc="0" uspid="142" ordinal="119" sl="142" sc="1" el="142" ec="2" bec="0" bev="0" fileid="14" />
                <SequencePoint vc="0" uspid="143" ordinal="120" sl="143" sc="1" el="143" ec="2" bec="0" bev="0" fileid="14" />
                <SequencePoint vc="0" uspid="144" ordinal="121" sl="144" sc="1" el="144" ec="2" bec="0" bev="0" fileid="14" />
[...]
                <SequencePoint vc="0" uspid="19" ordinal="5" sl="19" sc="1" el="19" ec="2" bec="0" bev="0" fileid="84" />
              </SequencePoints>
              <BranchPoints />
              <MethodPoint vc="0" uspid="0" p8:type="SequencePoint" ordinal="3" offset="3" sc="0" sl="13" ec="1" el="19" bec="0" bev="0" fileid="84" xmlns:p8="xsi" />
            </Method>
          </Methods>
        </Class>
        <Class>
          <Summary numSequencePoints="5" visitedSequencePoints="0" numBranchPoints="2" visitedBranchPoints="0" sequenceCoverage="0" branchCoverage="0" maxCyclomaticComplexity="2" minCyclomaticComplexity="2" visitedClasses="0" numClasses="1" visitedMethods="0" numMethods="1" />
          <FullName>EcoBrotes.Infrastructure.Adapters.GenericRepository`1/&lt;AddAsync&gt;d__5</FullName>
          <Methods>
            <Method cyclomaticComplexity="2" nPathComplexity="2" sequenceCoverage="0" branchCoverage="0" isConstructor="False" isGetter="False" isSetter="False" isStatic="True">
              <Summary numSequencePoints="5" visitedSequencePoints="0" numBranchPoints="2" visitedBranchPoints="0" sequenceCoverage="0" branchCoverage="0" maxCyclomaticComplexity="2" minCyclomaticComplexity="2" visitedClasses="0" numClasses="0" visitedMethods="0" numMethods="1" />
              <MetadataToken />
              <Name>System.Void EcoBrotes.Infrastructure.Adapters.GenericRepository`1/&lt;AddAsync&gt;d__5::MoveNext()</Name>
              <FileRef uid="84" />
              <SequencePoints>
                <SequencePoint vc="0" uspid="51" ordinal="0" sl="51" sc="1" el="51" ec="2" bec="0" bev="0" fileid="84" />
                <SequencePoint vc="0" uspid="52" ordinal="1" sl="52" sc="1" el="52" ec="2" bec="2" bev="0" fileid="84" />
                <SequencePoint vc="0" uspid="53" ordinal="2" sl="53" sc="1" el="53" ec="2" bec="0" bev="0" fileid="84" />
                <SequencePoint vc="0" uspid="54" ordinal="3" sl="54" sc="1" el="54" ec="2" bec="0" bev="0" fileid="84" />
                <SequencePoint vc="0" uspid="55" ordinal="4" sl="55" sc="1" el="55" ec="2" bec="0" bev="0" fileid="84" />
              </SequencePoints>
              <BranchPoints>
                <BranchPoint vc="0" uspid="52" ordinal="0" path="0" offset="26" offsetend="28" sl="52" fileid="84" />
                <BranchPoint vc="0" uspid="52" ordinal="1" path="1" offset="26" offsetend="44" sl="52" fileid="84" />
              </BranchPoints>
              <MethodPoint vc="0" uspid="0" p8:type="SequencePoint" ordinal="0" offset="0" sc="0" sl="51" ec="1" el="55" bec="0" bev="0" fileid="84" xmlns:p8="xsi" />
            </Method>
          </Methods>
        </Class>
        <Class>
          <Summary numSequencePoints="3" visitedSequencePoints="0" numBranchPoints="2" visitedBranchPoints="0" sequenceCoverage="0" branchCoverage="0" maxCyclomaticComplexity="2" minCyclomaticComplexity="2" visitedClasses="0" numClasses="1" visitedMethods="0" numMethods="1" />
          <FullName>EcoBrotes.Infrastructure.Adapters.GenericRepository`1/&lt;GetByIdAsync&gt;d__8</FullName>
          <Methods>
            <Method cyclomaticComplexity="2" nPathComplexity="2" sequenceCoverage="0" branchCoverage="0" isConstructor="False" isGetter="False" isSetter="False" isStatic="True">
              <Summary numSequencePoints="3" visitedSequencePoints="0" numBranchPoints="2" visitedBranchPoints="0" sequenceCoverage="0" branchCoverage="0" maxCyclomaticComplexity="2" minCyclomaticComplexity="2" visitedClasses="0" numClasses="0" visitedMethods="0" numMethods="1" />
              <MetadataToken />
              <Name>System.Void EcoBrotes.Infrastructure.Adapters.GenericRepository`1/&lt;GetByIdAsync&gt;d__8::MoveNext()</Name>
              <FileRef uid="84" />
              <SequencePoints>
                <SequencePoint vc="0" uspid="79" ordinal="0" sl="79" sc="1" el="79" ec="2" bec="0" bev="0" fileid="84" />
                <SequencePoint vc="0" uspid="80" ordinal="1" sl="80" sc="1" el="80" ec="2" bec="2" bev="0" fileid="84" />
                <SequencePoint vc="0" uspid="81" ordinal="2" sl="81" sc="1" el="81" ec="2" bec="0" bev="0" fileid="84" />
              </SequencePoints>
              <BranchPoints>
                <BranchPoint vc="0" uspid="80" ordinal="0" path="0" offset="159" offsetend="161" sl="80" fileid="84" />
                <BranchPoint vc="0" uspid="80" ordinal="1" path="1" offset="159" offsetend="172" sl="80" fileid="84" />
              </BranchPoints>
              <MethodPoint vc="0" uspid="0" p8:type="SequencePoint" ordinal="0" offset="0" sc="0" sl="79" ec="1" el="81" bec="0" bev="0" fileid="84" xmlns:p8="xsi" />
            </Method>
          </Methods>
        </Class>
        <Class>
          <Summary numSequencePoints="19" visitedSequencePoints="0" numBranchPoints="10" visitedBranchPoints="0" sequenceCoverage="0" branchCoverage="0" maxCyclomaticComplexity="10" minCyclomaticComplexity="10" visitedClasses="0" numClasses="1" visitedMethods="0" numMethods="1" />
          <FullName>EcoBrotes.Infrastructure.Adapters.GenericRepository`1/&lt;GetManyAsync&gt;d__4</FullName>
          <Methods>
            <Method cyclomaticComplexity="10" nPathComplexity="10" sequenceCoverage="0" branchCoverage="0" isConstructor="False" isGetter="False" isSetter="False" isStatic="True">
              <Summary numSequencePoints="19" visitedSequencePoints="0" numBranchPoints="10" visitedBranchPoints="0" sequenceCoverage="0" branchCoverage="0" maxCyclomaticComplexity="10" minCyclomaticComplexity="10" visitedClasses="0" numClasses="0" visitedMethods="0" numMethods="1" />
              <MetadataToken />
              <Name>System.Void EcoBrotes.Infrastructure.Adapters.GenericRepository`1/&lt;GetManyAsync&gt;d__4::MoveNext()</Name>
              <FileRef uid="84" />
              <SequencePoints>
                <SequencePoint vc="0" uspid="25" ordinal="0" sl="25" sc="1" el="25" ec="2" bec="0" bev="0" fileid="84" />
                <SequencePoint vc="0" uspid="26" ordinal="1" sl="26" sc="1" el="26" ec="2" bec="0" bev="0" fileid="84" />
                <SequencePoint vc="0" uspid="28" ordinal="2" sl="28" sc="1" el="28" ec="2" bec="2" bev="0" fileid="84" />
                <SequencePoint vc="0" uspid="29" ordinal="3" sl="29" sc="1" el="29" ec="2" bec="0" bev="0" fileid="84" />
                <SequencePoint vc="0" uspid="30" ordinal="4" sl="30" sc="1" el="30" ec="2" bec="0" bev="0" fileid="84" />
                <SequencePoint vc="0" uspid="31" ordinal="5" sl="31" sc="1" el="31" ec="2" bec="0" bev="0" fileid="84" />
                <SequencePoint vc="0" uspid="33" ordinal="6" sl="33" sc="1" el="33" ec="2" bec="2" bev="0" fileid="84" />
                <SequencePoint vc="0" uspid="34" ordinal="7" sl="34" sc="1" el="34" ec="2" bec="0" bev="0" fileid="84" />
                <SequencePoint vc="0" uspid="35" ordinal="8" sl="35" sc="1" el="35" ec="2" bec="2" bev="0" fileid="84" />
                <SequencePoint vc="0" uspid="36" ordinal="9" sl="36" sc="1" el="36" ec="2" bec="0" bev="0" fileid="84" />
                <SequencePoint vc="0" uspid="37" ordinal="10" sl="37" sc="1" el="37" ec="2" bec="0" bev="0" fileid="84" />
                <SequencePoint vc="0" uspid="38" ordinal="11" sl="38" sc="1" el="38" ec="2" bec="0" bev="0" fileid="84" />
                <SequencePoint vc="0" uspid="39" ordinal="12" sl="39" sc="1" el="39" ec="2" bec="0" bev="0" fileid="84" />
                <SequencePoint vc="0" uspid="40" ordinal="13" sl="40" sc="1" el="40" ec="2" bec="0" bev="0" fileid="84" />
                <SequencePoint vc="0" uspid="42" ordinal="14" sl="42" sc="1" el="42" ec="2" bec="2" bev="0" fileid="84" />
                <SequencePoint vc="0" uspid="43" ordinal="15" sl="43" sc="1" el="43" ec="2" bec="0" bev="0" fileid="84" />
                <SequencePoint vc="0" uspid="44" ordinal="16" sl="44" sc="1" el="44" ec="2" bec="0" bev="0" fileid="84" />
                <SequencePoint vc="0" uspid="47" ordinal="17" sl="47" sc="1" el="47" ec="2" bec="2" bev="0" fileid="84" />
                <SequencePoint vc="0" uspid="48" ordinal="18" sl="48" sc="1" el="48" ec="2" bec="0" bev="0" fileid="84" />
              </SequencePoints>
              <BranchPoints>
                <BranchPoint vc="0" uspid="28" ordinal="0" path="0" offset="76" offsetend="78" sl="28" fileid="84" />
                <BranchPoint vc="0" uspid="28" ordinal="1" path="1" offset="76" offsetend="103" sl="28" fileid="84" />
                <BranchPoint vc="0" uspid="33" ordinal="2" path="0" offset="119" offsetend="124" sl="33" fileid="84" />
                <BranchPoint vc="0" uspid="35" ordinal="5" path="1" offset="243" offsetend="164" sl="35" fileid="84" />
                <BranchPoint vc="0" uspid="35" ordinal="4" path="0" offset="243" offsetend="245" sl="35" fileid="84" />
                <BranchPoint vc="0" uspid="33" ordinal="3" path="1" offset="119" offsetend="253" sl="33" fileid="84" />
                <BranchPoint vc="0" uspid="42" ordinal="6" path="0" offset="266" offsetend="271" sl="42" fileid="84" />
                <BranchPoint vc="0" uspid="42" ordinal="7" path="1" offset="266" offsetend="425" sl="42" fileid="84" />
                <BranchPoint vc="0" uspid="47" ordinal="8" path="0" offset="431" offsetend="436" sl="47" fileid="84" />
                <BranchPoint vc="0" uspid="47" ordinal="9" path="1" offset="431" offsetend="585" sl="47" fileid="84" />
              </BranchPoints>
              <MethodPoint vc="0" uspid="0" p8:type="SequencePoint" ordinal="0" offset="0" sc="0" sl="25" ec="1" el="48" bec="0" bev="0" fileid="84" xmlns:p8="xsi" />
            </Method>
          </Methods>
        </Class>
        <Class>
          <Summary numSequencePoints="11" visitedSequencePoints="0" numBranchPoints="6" visitedBranchPoints="0" sequenceCoverage="0" branchCoverage="0" maxCyclomaticComplexity="6" minCyclomaticComplexity="6" visitedClasses="0" numClasses="1" visitedMethods="0" numMethods="1" />
          <FullName>EcoBrotes.Infrastructure.Adapters.GenericRepository`1/&lt;GetOneAsync&gt;d__7</FullName>
          <Methods>
            <Method cyclomaticComplexity="6" nPathComplexity="6" sequenceCoverage="0" branchCoverage="0" isConstructor="False" isGetter="False" isSetter="False" isStatic="True">
              <Summary numSequencePoints="11" visitedSequencePoints="0" numBranchPoints="6" visitedBranchPoints="0" sequenceCoverage="0" branchCoverage="0" maxCyclomaticComplexity="6" minCyclomaticComplexity="6" visitedClasses="0" numClasses="0" visitedMethods="0" numMethods="1" />
              <MetadataToken />
              <Name>System.Void EcoBrotes.Infrastructure.Adapters.GenericRepository`1/&lt;GetOneAsync&gt;d__7::MoveNext()</Name>
              <FileRef uid="84" />
              <SequencePoints>
                <SequencePoint vc="0" uspid="64" ordinal="0" sl="64" sc="1" el="64" ec="2" bec="0" bev="0" fileid="84" />
                <SequencePoint vc="0" uspid="65" ordinal="1" sl="65" sc="1" el="65" ec="2" bec="0" bev="0" fileid="84" />
                <SequencePoint vc="0" uspid="67" ordinal="2" sl="67" sc="1" el="67" ec="2" bec="2" bev="0" fileid="84" />
                <SequencePoint vc="0" uspid="68" ordinal="3" sl="68" sc="1" el="68" ec="2" bec="0" bev="0" fileid="84" />
                <SequencePoint vc="0" uspid="69" ordinal="4" sl="69" sc="1" el="69" ec="2" bec="2" bev="0" fileid="84" />
                <SequencePoint vc="0" uspid="70" ordinal="5" sl="70" sc="1" el="70" ec="2" bec="0" bev="0" fileid="84" />
                <SequencePoint vc="0" uspid="71" ordinal="6" sl="71" sc="1" el="71" ec="2" bec="0" bev="0" fileid="84" />
                <SequencePoint vc="0" uspid="72" ordinal="7" sl="72" sc="1" el="72" ec="2" bec="0" bev="0" fileid="84" />
                <SequencePoint vc="0" uspid="73" ordinal="8" sl="73" sc="1" el="73" ec="2" bec="0" bev="0" fileid="84" />
                <SequencePoint vc="0" uspid="75" ordinal="9" sl="75" sc="1" el="75" ec="2" bec="2" bev="0" fileid="84" />
                <SequencePoint vc="0" uspid="76" ordinal="10" sl="76" sc="1" el="76" ec="2" bec="0" bev="0" fileid="84" />
              </SequencePoints>
              <BranchPoints>
                <BranchPoint vc="0" uspid="67" ordinal="0" path="0" offset="84" offsetend="89" sl="67" fileid="84" />
                <BranchPoint vc="0" uspid="69" ordinal="3" path="1" offset="208" offsetend="129" sl="69" fileid="84" />
                <BranchPoint vc="0" uspid="69" ordinal="2" path="0" offset="208" offsetend="210" sl="69" fileid="84" />
                <BranchPoint vc="0" uspid="67" ordinal="1" path="1" offset="84" offsetend="218" sl="67" fileid="84" />
                <BranchPoint vc="0" uspid="75" ordinal="4" path="0" offset="469" offsetend="471" sl="75" fileid="84" />
                <BranchPoint vc="0" uspid="75" ordinal="5" path="1" offset="469" offsetend="482" sl="75" fileid="84" />
              </BranchPoints>
              <MethodPoint vc="0" uspid="0" p8:type="SequencePoint" ordinal="0" offset="0" sc="0" sl="64" ec="1" el="76" bec="0" bev="0" fileid="84" xmlns:p8="xsi" />
            </Method>
          </Methods>
        </Class>
        <Class>
          <Summary numSequencePoints="1" visitedSequencePoints="0" numBranchPoints="0" visitedBranchPoints="0" sequenceCoverage="0" branchCoverage="100" maxCyclomaticComplexity="1" minCyclomaticComplexity="1" visitedClasses="0" numClasses="1" visitedMethods="0" numMethods="1" />
          <FullName>EcoBrotes.Infrastructure.Adapters.UnitOfWork</FullName>
          <Methods>
            <Method cyclomaticComplexity="1" nPathComplexity="1" sequenceCoverage="0" branchCoverage="100" isConstructor="True" isGetter="False" isSetter="False" isStatic="True">
              <Summary numSequencePoints="1" visitedSequencePoints="0" numBranchPoints="0" visitedBranchPoints="0" sequenceCoverage="0" branchCoverage="100" maxCyclomaticComplexity="1" minCyclomaticComplexity="1" visitedClasses="0" numClasses="0" visitedMethods="0" numMethods="1" />
              <MetadataToken />
              <Name>System.Void EcoBrotes.Infrastructure.Adapters.UnitOfWork::.ctor(EcoBrotes.Infrastructure.DataSource.DataContext)</Name>
              <FileRef uid="85" />
              <SequencePoints>
                <SequencePoint vc="0" uspid="7" ordinal="0" sl="7" sc="1" el="7" ec="2" bec="0" bev="0" fileid="85" />
              </SequencePoints>
              <BranchPoints />
              <MethodPoint vc="0" uspid="0" p8:type="SequencePoint" ordinal="0" offset="0" sc="0" sl="7" ec="1" el="7" bec="0" bev="0" fileid="85" xmlns:p8="xsi" />
            </Method>
          </Methods>
        </Class>
        <Class>
          <Summary numSequencePoints="1" visitedSequencePoints="0" numBranchPoints="0" visitedBranchPoints="0" sequenceCoverage="0" branchCoverage="100" maxCyclomaticComplexity="1" minCyclomaticComplexity="1" visitedClasses="0" numClasses="1" visitedMethods="0" numMethods="1" />
          <FullName>EcoBrotes.Infrastructure.Adapters.UnitOfWork/&lt;&gt;c__DisplayClass2_0</FullName>
          <Methods>
            <Method cyclomaticComplexity="1" nPathComplexity="1" sequenceCoverage="0" branchCoverage="100" isConstructor="False" isGetter="False" isSetter="False" isStatic="True">
              <Summary numSequencePoints="1" visitedSequencePoints="0" numBranchPoints="0" visitedBranchPoints="0" sequenceCoverage="0" branchCoverage="100" maxCyclomaticComplexity="1" minCyclomaticComplexity="1" visitedClasses="0" numClasses="0" visitedMethods="0" numMethods="1" />
              <MetadataToken />
              <Name>System.Boolean EcoBrotes.Infrastructure.Adapters.UnitOfWork/&lt;&gt;c__DisplayClass2_0::&lt;SaveAsync&gt;b__0(Microsoft.EntityFrameworkCore.ChangeTracking.EntityEntry)</Name>
              <FileRef uid="85" />
              <SequencePoints>
                <SequencePoint vc="0" uspid="20" ordinal="0" sl="20" sc="1" el="20" ec="2" bec="0" bev="0" fileid="85" />
              </SequencePoints>
              <BranchPoints />
              <MethodPoint vc="0" uspid="0" p8:type="SequencePoint" ordinal="0" offset="0" sc="0" sl="20" ec="1" el="20" bec="0" bev="0" fileid="85" xmlns:p8="xsi" />
            </Method>
          </Methods>
        </Class>
        <Class>
          <Summary numSequencePoints="12" visitedSequencePoints="0" numBranchPoints="6" visitedBranchPoints="0" sequenceCoverage="0" branchCoverage="0" maxCyclomaticComplexity="6" minCyclomaticComplexity="6" visitedClasses="0" numClasses="1" visitedMethods="0" numMethods="1" />
          <FullName>EcoBrotes.Infrastructure.Adapters.UnitOfWork/&lt;SaveAsync&gt;d__2</FullName>
          <Methods>
            <Method cyclomaticComplexity="6" nPathComplexity="6" sequenceCoverage="0" branchCoverage="0" isConstructor="False" isGetter="False" isSetter="False" isStatic="True">
              <Summary numSequencePoints="12" visitedSequencePoints="0" numBranchPoints="6" visitedBranchPoints="0" sequenceCoverage="0" branchCoverage="0" maxCyclomaticComplexity="6" minCyclomaticComplexity="6" visitedClasses="0" numClasses="0" visitedMethods="0" numMethods="1" />
              <MetadataToken />
              <Name>System.Void EcoBrotes.Infrastructure.Adapters.UnitOfWork/&lt;SaveAsync&gt;d__2::MoveNext()</Name>
              <FileRef uid="85" />
              <SequencePoints>
                <SequencePoint vc="0" uspid="10" ordinal="0" sl="10" sc="1" el="10" ec="2" bec="0" bev="0" fileid="85" />
                <SequencePoint vc="0" uspid="11" ordinal="1" sl="11" sc="1" el="11" ec="2" bec="2" bev="0" fileid="85" />
                <SequencePoint vc="0" uspid="13" ordinal="2" sl="13" sc="1" el="13" ec="2" bec="0" bev="0" fileid="85" />
                <SequencePoint vc="0" uspid="15" ordinal="3" sl="15" sc="1" el="15" ec="2" bec="0" bev="0" fileid="85" />
                <SequencePoint vc="0" uspid="16" ordinal="4" sl="16" sc="1" el="16" ec="2" bec="0" bev="0" fileid="85" />
                <SequencePoint vc="0" uspid="17" ordinal="5" sl="17" sc="1" el="17" ec="2" bec="0" bev="0" fileid="85" />
                <SequencePoint vc="0" uspid="18" ordinal="6" sl="18" sc="1" el="18" ec="2" bec="0" bev="0" fileid="85" />
                <SequencePoint vc="0" uspid="21" ordinal="7" sl="21" sc="1" el="21" ec="2" bec="0" bev="0" fileid="85" />
                <SequencePoint vc="0" uspid="22" ordinal="8" sl="22" sc="1" el="22" ec="2" bec="0" bev="0" fileid="85" />
                <SequencePoint vc="0" uspid="23" ordinal="9" sl="23" sc="1" el="23" ec="2" bec="0" bev="0" fileid="85" />
                <SequencePoint vc="0" uspid="25" ordinal="10" sl="25" sc="1" el="25" ec="2" bec="0" bev="0" fileid="85" />
                <SequencePoint vc="0" uspid="26" ordinal="11" sl="26" sc="1" el="26" ec="2" bec="0" bev="0" fileid="85" />
              </SequencePoints>
              <BranchPoints>
                <BranchPoint vc="0" uspid="11" ordinal="0" path="0" offset="44" offsetend="46" sl="11" fileid="85" />
                <BranchPoint vc="0" uspid="11" ordinal="1" path="1" offset="44" offsetend="58" sl="11" fileid="85" />
                <BranchPoint vc="0" uspid="20" ordinal="2" path="0" offset="169" offsetend="171" sl="20" fileid="85" />
                <BranchPoint vc="0" uspid="20" ordinal="3" path="1" offset="169" offsetend="203" sl="20" fileid="85" />
                <BranchPoint vc="0" uspid="20" ordinal="5" path="1" offset="311" offsetend="220" sl="20" fileid="85" />
                <BranchPoint vc="0" uspid="20" ordinal="4" path="0" offset="311" offsetend="313" sl="20" fileid="85" />
              </BranchPoints>
              <MethodPoint vc="0" uspid="0" p8:type="SequencePoint" ordinal="0" offset="0" sc="0" sl="10" ec="1" el="26" bec="0" bev="0" fileid="85" xmlns:p8="xsi" />
            </Method>
          </Methods>
        </Class>
      </Classes>
    </Module>
  </Modules>
</CoverageSession>